<?xml version="1.0" encoding="UTF-8" ?>
<testsuite errors="0" failures="0" hostname="sepehr-UX310UQK" name="com.fasterxml.jackson.core.util.JsonGeneratorDelegate_ESTest" skipped="0" tests="153" time="0.648" timestamp="2023-02-05T08:24:25">
  <properties>
[...]
</properties>
  <testcase classname="com.fasterxml.jackson.core.util.JsonGeneratorDelegate_ESTest" name="test059" time="0.01" />
  <testcase classname="com.fasterxml.jackson.core.util.JsonGeneratorDelegate_ESTest" name="test058" time="0.003" />
  <testcase classname="com.fasterxml.jackson.core.util.JsonGeneratorDelegate_ESTest" name="test057" time="0.002" />
  <testcase classname="com.fasterxml.jackson.core.util.JsonGeneratorDelegate_ESTest" name="test067" time="0.002" />
  <testcase classname="com.fasterxml.jackson.core.util.JsonGeneratorDelegate_ESTest" name="test100" time="0.003" />
  <testcase classname="com.fasterxml.jackson.core.util.JsonGeneratorDelegate_ESTest" name="test066" time="0.001" />
  <testcase classname="com.fasterxml.jackson.core.util.JsonGeneratorDelegate_ESTest" name="test065" time="0.004" />
  <testcase classname="com.fasterxml.jackson.core.util.JsonGeneratorDelegate_ESTest" name="test064" time="0.002" />
  <testcase classname="com.fasterxml.jackson.core.util.JsonGeneratorDelegate_ESTest" name="test063" time="0.002" />
  <testcase classname="com.fasterxml.jackson.core.util.JsonGeneratorDelegate_ESTest" name="test062" time="0.002" />
  <testcase classname="com.fasterxml.jackson.core.util.JsonGeneratorDelegate_ESTest" name="test061" time="0.002" />
  <testcase classname="com.fasterxml.jackson.core.util.JsonGeneratorDelegate_ESTest" name="test060" time="0.003" />
  <testcase classname="com.fasterxml.jackson.core.util.JsonGeneratorDelegate_ESTest" name="test109" time="0.001" />
  <testcase classname="com.fasterxml.jackson.core.util.JsonGeneratorDelegate_ESTest" name="test108" time="0.006" />
  <testcase classname="com.fasterxml.jackson.core.util.JsonGeneratorDelegate_ESTest" name="test107" time="0.002" />
  <testcase classname="com.fasterxml.jackson.core.util.JsonGeneratorDelegate_ESTest" name="test106" time="0.008" />
  <testcase classname="com.fasterxml.jackson.core.util.JsonGeneratorDelegate_ESTest" name="test105" time="0.002" />
  <testcase classname="com.fasterxml.jackson.core.util.JsonGeneratorDelegate_ESTest" name="test104" time="0.002" />
  <testcase classname="com.fasterxml.jackson.core.util.JsonGeneratorDelegate_ESTest" name="test103" time="0.002" />
  <testcase classname="com.fasterxml.jackson.core.util.JsonGeneratorDelegate_ESTest" name="test069" time="0.001" />
  <testcase classname="com.fasterxml.jackson.core.util.JsonGeneratorDelegate_ESTest" name="test102" time="0.008" />
  <testcase classname="com.fasterxml.jackson.core.util.JsonGeneratorDelegate_ESTest" name="test068" time="0.002" />
  <testcase classname="com.fasterxml.jackson.core.util.JsonGeneratorDelegate_ESTest" name="test101" time="0.004" />
  <testcase classname="com.fasterxml.jackson.core.util.JsonGeneratorDelegate_ESTest" name="test078" time="0.002" />
  <testcase classname="com.fasterxml.jackson.core.util.JsonGeneratorDelegate_ESTest" name="test111" time="0.003" />
  <testcase classname="com.fasterxml.jackson.core.util.JsonGeneratorDelegate_ESTest" name="test077" time="0.003" />
  <testcase classname="com.fasterxml.jackson.core.util.JsonGeneratorDelegate_ESTest" name="test110" time="0.002" />
  <testcase classname="com.fasterxml.jackson.core.util.JsonGeneratorDelegate_ESTest" name="test076" time="0.002" />
  <testcase classname="com.fasterxml.jackson.core.util.JsonGeneratorDelegate_ESTest" name="test075" time="0.001" />
  <testcase classname="com.fasterxml.jackson.core.util.JsonGeneratorDelegate_ESTest" name="test074" time="0.002" />
  <testcase classname="com.fasterxml.jackson.core.util.JsonGeneratorDelegate_ESTest" name="test073" time="0.002" />
  <testcase classname="com.fasterxml.jackson.core.util.JsonGeneratorDelegate_ESTest" name="test072" time="0.002" />
  <testcase classname="com.fasterxml.jackson.core.util.JsonGeneratorDelegate_ESTest" name="test071" time="0.002" />
  <testcase classname="com.fasterxml.jackson.core.util.JsonGeneratorDelegate_ESTest" name="test070" time="0.005" />
  <testcase classname="com.fasterxml.jackson.core.util.JsonGeneratorDelegate_ESTest" name="test119" time="0.001" />
  <testcase classname="com.fasterxml.jackson.core.util.JsonGeneratorDelegate_ESTest" name="test118" time="0.005" />
  <testcase classname="com.fasterxml.jackson.core.util.JsonGeneratorDelegate_ESTest" name="test117" time="0.004" />
  <testcase classname="com.fasterxml.jackson.core.util.JsonGeneratorDelegate_ESTest" name="test116" time="0.002" />
  <testcase classname="com.fasterxml.jackson.core.util.JsonGeneratorDelegate_ESTest" name="test115" time="0.002" />
  <testcase classname="com.fasterxml.jackson.core.util.JsonGeneratorDelegate_ESTest" name="test114" time="0.001" />
  <testcase classname="com.fasterxml.jackson.core.util.JsonGeneratorDelegate_ESTest" name="test113" time="0.002" />
  <testcase classname="com.fasterxml.jackson.core.util.JsonGeneratorDelegate_ESTest" name="test079" time="0.002" />
  <testcase classname="com.fasterxml.jackson.core.util.JsonGeneratorDelegate_ESTest" name="test112" time="0.002" />
  <testcase classname="com.fasterxml.jackson.core.util.JsonGeneratorDelegate_ESTest" name="test001" time="0.001" />
  <testcase classname="com.fasterxml.jackson.core.util.JsonGeneratorDelegate_ESTest" name="test089" time="0.005" />
  <testcase classname="com.fasterxml.jackson.core.util.JsonGeneratorDelegate_ESTest" name="test122" time="0.004" />
  <testcase classname="com.fasterxml.jackson.core.util.JsonGeneratorDelegate_ESTest" name="test000" time="0.002" />
  <testcase classname="com.fasterxml.jackson.core.util.JsonGeneratorDelegate_ESTest" name="test088" time="0.007" />
  <testcase classname="com.fasterxml.jackson.core.util.JsonGeneratorDelegate_ESTest" name="test121" time="0.001" />
  <testcase classname="com.fasterxml.jackson.core.util.JsonGeneratorDelegate_ESTest" name="test087" time="0.001" />
  <testcase classname="com.fasterxml.jackson.core.util.JsonGeneratorDelegate_ESTest" name="test120" time="0.002" />
  <testcase classname="com.fasterxml.jackson.core.util.JsonGeneratorDelegate_ESTest" name="test086" time="0.001" />
  <testcase classname="com.fasterxml.jackson.core.util.JsonGeneratorDelegate_ESTest" name="test085" time="0.001" />
  <testcase classname="com.fasterxml.jackson.core.util.JsonGeneratorDelegate_ESTest" name="test084" time="0.001" />
  <testcase classname="com.fasterxml.jackson.core.util.JsonGeneratorDelegate_ESTest" name="test083" time="0.002" />
  <testcase classname="com.fasterxml.jackson.core.util.JsonGeneratorDelegate_ESTest" name="test082" time="0.002" />
  <testcase classname="com.fasterxml.jackson.core.util.JsonGeneratorDelegate_ESTest" name="test081" time="0.005" />
  <testcase classname="com.fasterxml.jackson.core.util.JsonGeneratorDelegate_ESTest" name="test080" time="0.002" />
  <testcase classname="com.fasterxml.jackson.core.util.JsonGeneratorDelegate_ESTest" name="test009" time="0.002" />
  <testcase classname="com.fasterxml.jackson.core.util.JsonGeneratorDelegate_ESTest" name="test008" time="0.002" />
  <testcase classname="com.fasterxml.jackson.core.util.JsonGeneratorDelegate_ESTest" name="test129" time="0.003" />
  <testcase classname="com.fasterxml.jackson.core.util.JsonGeneratorDelegate_ESTest" name="test007" time="0.005" />
  <testcase classname="com.fasterxml.jackson.core.util.JsonGeneratorDelegate_ESTest" name="test128" time="0.005" />
  <testcase classname="com.fasterxml.jackson.core.util.JsonGeneratorDelegate_ESTest" name="test006" time="0.003" />
  <testcase classname="com.fasterxml.jackson.core.util.JsonGeneratorDelegate_ESTest" name="test127" time="0.002" />
  <testcase classname="com.fasterxml.jackson.core.util.JsonGeneratorDelegate_ESTest" name="test005" time="0.002" />
  <testcase classname="com.fasterxml.jackson.core.util.JsonGeneratorDelegate_ESTest" name="test126" time="0.002" />
  <testcase classname="com.fasterxml.jackson.core.util.JsonGeneratorDelegate_ESTest" name="test004" time="0.002" />
  <testcase classname="com.fasterxml.jackson.core.util.JsonGeneratorDelegate_ESTest" name="test125" time="0.002" />
  <testcase classname="com.fasterxml.jackson.core.util.JsonGeneratorDelegate_ESTest" name="test003" time="0.002" />
  <testcase classname="com.fasterxml.jackson.core.util.JsonGeneratorDelegate_ESTest" name="test124" time="0.002" />
  <testcase classname="com.fasterxml.jackson.core.util.JsonGeneratorDelegate_ESTest" name="test002" time="0.002" />
  <testcase classname="com.fasterxml.jackson.core.util.JsonGeneratorDelegate_ESTest" name="test123" time="0.001" />
  <testcase classname="com.fasterxml.jackson.core.util.JsonGeneratorDelegate_ESTest" name="test012" time="0.002" />
  <testcase classname="com.fasterxml.jackson.core.util.JsonGeneratorDelegate_ESTest" name="test133" time="0.002" />
  <testcase classname="com.fasterxml.jackson.core.util.JsonGeneratorDelegate_ESTest" name="test011" time="0.002" />
  <testcase classname="com.fasterxml.jackson.core.util.JsonGeneratorDelegate_ESTest" name="test099" time="0.001" />
  <testcase classname="com.fasterxml.jackson.core.util.JsonGeneratorDelegate_ESTest" name="test132" time="0.002" />
  <testcase classname="com.fasterxml.jackson.core.util.JsonGeneratorDelegate_ESTest" name="test010" time="0.002" />
  <testcase classname="com.fasterxml.jackson.core.util.JsonGeneratorDelegate_ESTest" name="test098" time="0.002" />
  <testcase classname="com.fasterxml.jackson.core.util.JsonGeneratorDelegate_ESTest" name="test131" time="0.002" />
  <testcase classname="com.fasterxml.jackson.core.util.JsonGeneratorDelegate_ESTest" name="test097" time="0.001" />
  <testcase classname="com.fasterxml.jackson.core.util.JsonGeneratorDelegate_ESTest" name="test130" time="0.002" />
  <testcase classname="com.fasterxml.jackson.core.util.JsonGeneratorDelegate_ESTest" name="test096" time="0.002" />
  <testcase classname="com.fasterxml.jackson.core.util.JsonGeneratorDelegate_ESTest" name="test095" time="0.002" />
  <testcase classname="com.fasterxml.jackson.core.util.JsonGeneratorDelegate_ESTest" name="test094" time="0.002" />
  <testcase classname="com.fasterxml.jackson.core.util.JsonGeneratorDelegate_ESTest" name="test093" time="0.002" />
  <testcase classname="com.fasterxml.jackson.core.util.JsonGeneratorDelegate_ESTest" name="test092" time="0.002" />
  <testcase classname="com.fasterxml.jackson.core.util.JsonGeneratorDelegate_ESTest" name="test091" time="0.004" />
  <testcase classname="com.fasterxml.jackson.core.util.JsonGeneratorDelegate_ESTest" name="test090" time="0.002" />
  <testcase classname="com.fasterxml.jackson.core.util.JsonGeneratorDelegate_ESTest" name="test019" time="0.002" />
  <testcase classname="com.fasterxml.jackson.core.util.JsonGeneratorDelegate_ESTest" name="test018" time="0.003" />
  <testcase classname="com.fasterxml.jackson.core.util.JsonGeneratorDelegate_ESTest" name="test139" time="0.012" />
  <testcase classname="com.fasterxml.jackson.core.util.JsonGeneratorDelegate_ESTest" name="test017" time="0.015" />
  <testcase classname="com.fasterxml.jackson.core.util.JsonGeneratorDelegate_ESTest" name="test138" time="0.005" />
  <testcase classname="com.fasterxml.jackson.core.util.JsonGeneratorDelegate_ESTest" name="test016" time="0.01" />
  <testcase classname="com.fasterxml.jackson.core.util.JsonGeneratorDelegate_ESTest" name="test137" time="0.016" />
  <testcase classname="com.fasterxml.jackson.core.util.JsonGeneratorDelegate_ESTest" name="test015" time="0.003" />
  <testcase classname="com.fasterxml.jackson.core.util.JsonGeneratorDelegate_ESTest" name="test136" time="0.004" />
  <testcase classname="com.fasterxml.jackson.core.util.JsonGeneratorDelegate_ESTest" name="test014" time="0.002" />
  <testcase classname="com.fasterxml.jackson.core.util.JsonGeneratorDelegate_ESTest" name="test135" time="0.002" />
  <testcase classname="com.fasterxml.jackson.core.util.JsonGeneratorDelegate_ESTest" name="test013" time="0.002" />
  <testcase classname="com.fasterxml.jackson.core.util.JsonGeneratorDelegate_ESTest" name="test134" time="0.001" />
  <testcase classname="com.fasterxml.jackson.core.util.JsonGeneratorDelegate_ESTest" name="test023" time="0.003" />
  <testcase classname="com.fasterxml.jackson.core.util.JsonGeneratorDelegate_ESTest" name="test144" time="0.002" />
  <testcase classname="com.fasterxml.jackson.core.util.JsonGeneratorDelegate_ESTest" name="test022" time="0.003" />
  <testcase classname="com.fasterxml.jackson.core.util.JsonGeneratorDelegate_ESTest" name="test143" time="0.007" />
  <testcase classname="com.fasterxml.jackson.core.util.JsonGeneratorDelegate_ESTest" name="test021" time="0.002" />
  <testcase classname="com.fasterxml.jackson.core.util.JsonGeneratorDelegate_ESTest" name="test142" time="0.014" />
  <testcase classname="com.fasterxml.jackson.core.util.JsonGeneratorDelegate_ESTest" name="test020" time="0.002" />
  <testcase classname="com.fasterxml.jackson.core.util.JsonGeneratorDelegate_ESTest" name="test141" time="0.002" />
  <testcase classname="com.fasterxml.jackson.core.util.JsonGeneratorDelegate_ESTest" name="test140" time="0.005" />
  <testcase classname="com.fasterxml.jackson.core.util.JsonGeneratorDelegate_ESTest" name="test029" time="0.002" />
  <testcase classname="com.fasterxml.jackson.core.util.JsonGeneratorDelegate_ESTest" name="test028" time="0.002" />
  <testcase classname="com.fasterxml.jackson.core.util.JsonGeneratorDelegate_ESTest" name="test149" time="0.002" />
  <testcase classname="com.fasterxml.jackson.core.util.JsonGeneratorDelegate_ESTest" name="test027" time="0.001" />
  <testcase classname="com.fasterxml.jackson.core.util.JsonGeneratorDelegate_ESTest" name="test148" time="0.002" />
  <testcase classname="com.fasterxml.jackson.core.util.JsonGeneratorDelegate_ESTest" name="test026" time="0.002" />
  <testcase classname="com.fasterxml.jackson.core.util.JsonGeneratorDelegate_ESTest" name="test147" time="0.002" />
  <testcase classname="com.fasterxml.jackson.core.util.JsonGeneratorDelegate_ESTest" name="test025" time="0.002" />
  <testcase classname="com.fasterxml.jackson.core.util.JsonGeneratorDelegate_ESTest" name="test146" time="0.002" />
  <testcase classname="com.fasterxml.jackson.core.util.JsonGeneratorDelegate_ESTest" name="test024" time="0.015" />
  <testcase classname="com.fasterxml.jackson.core.util.JsonGeneratorDelegate_ESTest" name="test145" time="0.002" />
  <testcase classname="com.fasterxml.jackson.core.util.JsonGeneratorDelegate_ESTest" name="test034" time="0.001" />
  <testcase classname="com.fasterxml.jackson.core.util.JsonGeneratorDelegate_ESTest" name="test033" time="0.002" />
  <testcase classname="com.fasterxml.jackson.core.util.JsonGeneratorDelegate_ESTest" name="test032" time="0.007" />
  <testcase classname="com.fasterxml.jackson.core.util.JsonGeneratorDelegate_ESTest" name="test031" time="0.001" />
  <testcase classname="com.fasterxml.jackson.core.util.JsonGeneratorDelegate_ESTest" name="test152" time="0.002" />
  <testcase classname="com.fasterxml.jackson.core.util.JsonGeneratorDelegate_ESTest" name="test030" time="0.005" />
  <testcase classname="com.fasterxml.jackson.core.util.JsonGeneratorDelegate_ESTest" name="test151" time="0.003" />
  <testcase classname="com.fasterxml.jackson.core.util.JsonGeneratorDelegate_ESTest" name="test150" time="0.002" />
  <testcase classname="com.fasterxml.jackson.core.util.JsonGeneratorDelegate_ESTest" name="test039" time="0.001" />
  <testcase classname="com.fasterxml.jackson.core.util.JsonGeneratorDelegate_ESTest" name="test038" time="0.002" />
  <testcase classname="com.fasterxml.jackson.core.util.JsonGeneratorDelegate_ESTest" name="test037" time="0.002" />
  <testcase classname="com.fasterxml.jackson.core.util.JsonGeneratorDelegate_ESTest" name="test036" time="0.002" />
  <testcase classname="com.fasterxml.jackson.core.util.JsonGeneratorDelegate_ESTest" name="test035" time="0.008" />
  <testcase classname="com.fasterxml.jackson.core.util.JsonGeneratorDelegate_ESTest" name="test045" time="0.009" />
  <testcase classname="com.fasterxml.jackson.core.util.JsonGeneratorDelegate_ESTest" name="test044" time="0.01" />
  <testcase classname="com.fasterxml.jackson.core.util.JsonGeneratorDelegate_ESTest" name="test043" time="0.004" />
  <testcase classname="com.fasterxml.jackson.core.util.JsonGeneratorDelegate_ESTest" name="test042" time="0.006" />
  <testcase classname="com.fasterxml.jackson.core.util.JsonGeneratorDelegate_ESTest" name="test041" time="0.007" />
  <testcase classname="com.fasterxml.jackson.core.util.JsonGeneratorDelegate_ESTest" name="test040" time="0.007" />
  <testcase classname="com.fasterxml.jackson.core.util.JsonGeneratorDelegate_ESTest" name="test049" time="0.003" />
  <testcase classname="com.fasterxml.jackson.core.util.JsonGeneratorDelegate_ESTest" name="test048" time="0.002" />
  <testcase classname="com.fasterxml.jackson.core.util.JsonGeneratorDelegate_ESTest" name="test047" time="0.005" />
  <testcase classname="com.fasterxml.jackson.core.util.JsonGeneratorDelegate_ESTest" name="test046" time="0.002" />
  <testcase classname="com.fasterxml.jackson.core.util.JsonGeneratorDelegate_ESTest" name="test056" time="0.001" />
  <testcase classname="com.fasterxml.jackson.core.util.JsonGeneratorDelegate_ESTest" name="test055" time="0.002" />
  <testcase classname="com.fasterxml.jackson.core.util.JsonGeneratorDelegate_ESTest" name="test054" time="0.001" />
  <testcase classname="com.fasterxml.jackson.core.util.JsonGeneratorDelegate_ESTest" name="test053" time="0.005" />
  <testcase classname="com.fasterxml.jackson.core.util.JsonGeneratorDelegate_ESTest" name="test052" time="0.001" />
  <testcase classname="com.fasterxml.jackson.core.util.JsonGeneratorDelegate_ESTest" name="test051" time="0.002" />
  <testcase classname="com.fasterxml.jackson.core.util.JsonGeneratorDelegate_ESTest" name="test050" time="0.001" />
  <system-out><![CDATA[01:24:25.220 [main] INFO  o.e.r.instrumentation.EvoClassLoader - Seeing class for first time: com.fasterxml.jackson.core.util.JsonGeneratorDelegate_ESTest
01:24:25.220 [main] INFO  o.e.r.instrumentation.EvoClassLoader - Instrumenting class 'com.fasterxml.jackson.core.util.JsonGeneratorDelegate_ESTest'.
01:24:25.223 [main] INFO  o.e.r.instrumentation.EvoClassLoader - Seeing class for first time: com.fasterxml.jackson.core.util.JsonGeneratorDelegate_ESTest_scaffolding
01:24:25.223 [main] INFO  o.e.r.instrumentation.EvoClassLoader - Instrumenting class 'com.fasterxml.jackson.core.util.JsonGeneratorDelegate_ESTest_scaffolding'.
01:24:25.224 [main] INFO  o.e.r.instrumentation.EvoClassLoader - Keeping class: com.fasterxml.jackson.core.util.JsonGeneratorDelegate_ESTest_scaffolding
01:24:25.224 [main] INFO  o.e.r.instrumentation.EvoClassLoader - Keeping class: com.fasterxml.jackson.core.util.JsonGeneratorDelegate_ESTest
01:24:25.224 [main] INFO  o.e.r.instrumentation.EvoClassLoader - Seeing class for first time: com.fasterxml.jackson.core.util.ByteArrayBuilder
01:24:25.224 [main] INFO  o.e.r.instrumentation.EvoClassLoader - Instrumenting class 'com.fasterxml.jackson.core.util.ByteArrayBuilder'.
01:24:25.225 [main] INFO  o.e.r.i.MethodCallReplacementClassAdapter - Adding mock interface to class com/fasterxml/jackson/core/util/ByteArrayBuilder
01:24:25.226 [main] INFO  o.e.r.i.CreateClassResetClassAdapter - Found static initializer in class com/fasterxml/jackson/core/util/ByteArrayBuilder
01:24:25.226 [main] INFO  o.e.r.instrumentation.EvoClassLoader - Keeping class: com.fasterxml.jackson.core.util.ByteArrayBuilder
01:24:25.226 [main] INFO  o.e.r.instrumentation.EvoClassLoader - Seeing class for first time: com.fasterxml.jackson.core.JsonGenerator
01:24:25.226 [main] INFO  o.e.r.instrumentation.EvoClassLoader - Instrumenting class 'com.fasterxml.jackson.core.JsonGenerator'.
01:24:25.226 [main] INFO  o.e.r.i.MethodCallReplacementClassAdapter - Adding mock interface to class com/fasterxml/jackson/core/JsonGenerator
01:24:25.227 [main] INFO  o.e.r.i.CreateClassResetClassAdapter - Creating brand-new static initializer in class com/fasterxml/jackson/core/JsonGenerator
01:24:25.227 [main] INFO  o.e.r.instrumentation.EvoClassLoader - Seeing class for first time: com.fasterxml.jackson.core.Versioned
01:24:25.227 [main] INFO  o.e.r.instrumentation.EvoClassLoader - Instrumenting class 'com.fasterxml.jackson.core.Versioned'.
01:24:25.228 [main] INFO  o.e.r.instrumentation.EvoClassLoader - Keeping class: com.fasterxml.jackson.core.Versioned
01:24:25.228 [main] INFO  o.e.r.instrumentation.EvoClassLoader - Keeping class: com.fasterxml.jackson.core.JsonGenerator
01:24:25.228 [main] INFO  o.e.r.instrumentation.EvoClassLoader - Seeing class for first time: com.fasterxml.jackson.core.json.UTF8JsonGenerator
01:24:25.228 [main] INFO  o.e.r.instrumentation.EvoClassLoader - Instrumenting class 'com.fasterxml.jackson.core.json.UTF8JsonGenerator'.
01:24:25.228 [main] INFO  o.e.r.i.MethodCallReplacementClassAdapter - Adding mock interface to class com/fasterxml/jackson/core/json/UTF8JsonGenerator
01:24:25.231 [main] INFO  o.e.r.i.CreateClassResetClassAdapter - Found static initializer in class com/fasterxml/jackson/core/json/UTF8JsonGenerator
01:24:25.232 [main] INFO  o.e.r.instrumentation.EvoClassLoader - Seeing class for first time: com.fasterxml.jackson.core.json.JsonGeneratorImpl
01:24:25.232 [main] INFO  o.e.r.instrumentation.EvoClassLoader - Instrumenting class 'com.fasterxml.jackson.core.json.JsonGeneratorImpl'.
01:24:25.232 [main] INFO  o.e.r.i.MethodCallReplacementClassAdapter - Adding mock interface to class com/fasterxml/jackson/core/json/JsonGeneratorImpl
01:24:25.232 [main] INFO  o.e.r.i.CreateClassResetClassAdapter - Found static initializer in class com/fasterxml/jackson/core/json/JsonGeneratorImpl
01:24:25.232 [main] INFO  o.e.r.instrumentation.EvoClassLoader - Seeing class for first time: com.fasterxml.jackson.core.base.GeneratorBase
01:24:25.232 [main] INFO  o.e.r.instrumentation.EvoClassLoader - Instrumenting class 'com.fasterxml.jackson.core.base.GeneratorBase'.
01:24:25.233 [main] INFO  o.e.r.i.MethodCallReplacementClassAdapter - Adding mock interface to class com/fasterxml/jackson/core/base/GeneratorBase
01:24:25.234 [main] INFO  o.e.r.i.CreateClassResetClassAdapter - Creating brand-new static initializer in class com/fasterxml/jackson/core/base/GeneratorBase
01:24:25.234 [main] INFO  o.e.r.instrumentation.EvoClassLoader - Keeping class: com.fasterxml.jackson.core.base.GeneratorBase
01:24:25.234 [main] INFO  o.e.r.instrumentation.EvoClassLoader - Keeping class: com.fasterxml.jackson.core.json.JsonGeneratorImpl
01:24:25.235 [main] INFO  o.e.r.instrumentation.EvoClassLoader - Keeping class: com.fasterxml.jackson.core.json.UTF8JsonGenerator
01:24:25.235 [main] INFO  o.e.r.instrumentation.EvoClassLoader - Seeing class for first time: com.fasterxml.jackson.core.SerializableString
01:24:25.235 [main] INFO  o.e.r.instrumentation.EvoClassLoader - Instrumenting class 'com.fasterxml.jackson.core.SerializableString'.
01:24:25.235 [main] INFO  o.e.r.instrumentation.EvoClassLoader - Keeping class: com.fasterxml.jackson.core.SerializableString
01:24:25.235 [main] INFO  o.e.r.instrumentation.EvoClassLoader - Seeing class for first time: com.fasterxml.jackson.core.JsonParser
01:24:25.235 [main] INFO  o.e.r.instrumentation.EvoClassLoader - Instrumenting class 'com.fasterxml.jackson.core.JsonParser'.
01:24:25.236 [main] INFO  o.e.r.i.MethodCallReplacementClassAdapter - Adding mock interface to class com/fasterxml/jackson/core/JsonParser
01:24:25.237 [main] INFO  o.e.r.i.CreateClassResetClassAdapter - Creating brand-new static initializer in class com/fasterxml/jackson/core/JsonParser
01:24:25.237 [main] INFO  o.e.r.i.CreateClassResetClassAdapter - Adding bytecode for initializing field MIN_BYTE_I
01:24:25.237 [main] INFO  o.e.r.i.CreateClassResetClassAdapter - Adding bytecode for initializing field MAX_BYTE_I
01:24:25.237 [main] INFO  o.e.r.i.CreateClassResetClassAdapter - Adding bytecode for initializing field MIN_SHORT_I
01:24:25.237 [main] INFO  o.e.r.i.CreateClassResetClassAdapter - Adding bytecode for initializing field MAX_SHORT_I
01:24:25.237 [main] INFO  o.e.r.instrumentation.EvoClassLoader - Keeping class: com.fasterxml.jackson.core.JsonParser
01:24:25.237 [main] INFO  o.e.r.instrumentation.EvoClassLoader - Seeing class for first time: com.fasterxml.jackson.core.json.ReaderBasedJsonParser
01:24:25.237 [main] INFO  o.e.r.instrumentation.EvoClassLoader - Instrumenting class 'com.fasterxml.jackson.core.json.ReaderBasedJsonParser'.
01:24:25.238 [main] INFO  o.e.r.i.MethodCallReplacementClassAdapter - Adding mock interface to class com/fasterxml/jackson/core/json/ReaderBasedJsonParser
01:24:25.241 [main] INFO  o.e.r.i.CreateClassResetClassAdapter - Creating brand-new static initializer in class com/fasterxml/jackson/core/json/ReaderBasedJsonParser
01:24:25.242 [main] INFO  o.e.r.instrumentation.EvoClassLoader - Seeing class for first time: com.fasterxml.jackson.core.base.ParserBase
01:24:25.242 [main] INFO  o.e.r.instrumentation.EvoClassLoader - Instrumenting class 'com.fasterxml.jackson.core.base.ParserBase'.
01:24:25.242 [main] INFO  o.e.r.i.MethodCallReplacementClassAdapter - Adding mock interface to class com/fasterxml/jackson/core/base/ParserBase
01:24:25.244 [main] INFO  o.e.r.i.CreateClassResetClassAdapter - Found static initializer in class com/fasterxml/jackson/core/base/ParserBase
01:24:25.245 [main] INFO  o.e.r.instrumentation.EvoClassLoader - Seeing class for first time: com.fasterxml.jackson.core.base.ParserMinimalBase
01:24:25.245 [main] INFO  o.e.r.instrumentation.EvoClassLoader - Instrumenting class 'com.fasterxml.jackson.core.base.ParserMinimalBase'.
01:24:25.245 [main] INFO  o.e.r.i.MethodCallReplacementClassAdapter - Adding mock interface to class com/fasterxml/jackson/core/base/ParserMinimalBase
01:24:25.246 [main] INFO  o.e.r.i.CreateClassResetClassAdapter - Creating brand-new static initializer in class com/fasterxml/jackson/core/base/ParserMinimalBase
01:24:25.246 [main] INFO  o.e.r.i.CreateClassResetClassAdapter - Adding bytecode for initializing field INT_TAB
01:24:25.246 [main] INFO  o.e.r.i.CreateClassResetClassAdapter - Adding bytecode for initializing field INT_LF
01:24:25.246 [main] INFO  o.e.r.i.CreateClassResetClassAdapter - Adding bytecode for initializing field INT_CR
01:24:25.246 [main] INFO  o.e.r.i.CreateClassResetClassAdapter - Adding bytecode for initializing field INT_SPACE
01:24:25.246 [main] INFO  o.e.r.i.CreateClassResetClassAdapter - Adding bytecode for initializing field INT_LBRACKET
01:24:25.246 [main] INFO  o.e.r.i.CreateClassResetClassAdapter - Adding bytecode for initializing field INT_RBRACKET
01:24:25.246 [main] INFO  o.e.r.i.CreateClassResetClassAdapter - Adding bytecode for initializing field INT_LCURLY
01:24:25.246 [main] INFO  o.e.r.i.CreateClassResetClassAdapter - Adding bytecode for initializing field INT_RCURLY
01:24:25.246 [main] INFO  o.e.r.i.CreateClassResetClassAdapter - Adding bytecode for initializing field INT_QUOTE
01:24:25.246 [main] INFO  o.e.r.i.CreateClassResetClassAdapter - Adding bytecode for initializing field INT_BACKSLASH
01:24:25.246 [main] INFO  o.e.r.i.CreateClassResetClassAdapter - Adding bytecode for initializing field INT_SLASH
01:24:25.246 [main] INFO  o.e.r.i.CreateClassResetClassAdapter - Adding bytecode for initializing field INT_COLON
01:24:25.246 [main] INFO  o.e.r.i.CreateClassResetClassAdapter - Adding bytecode for initializing field INT_COMMA
01:24:25.246 [main] INFO  o.e.r.i.CreateClassResetClassAdapter - Adding bytecode for initializing field INT_ASTERISK
01:24:25.246 [main] INFO  o.e.r.i.CreateClassResetClassAdapter - Adding bytecode for initializing field INT_APOSTROPHE
01:24:25.246 [main] INFO  o.e.r.i.CreateClassResetClassAdapter - Adding bytecode for initializing field INT_b
01:24:25.246 [main] INFO  o.e.r.i.CreateClassResetClassAdapter - Adding bytecode for initializing field INT_f
01:24:25.246 [main] INFO  o.e.r.i.CreateClassResetClassAdapter - Adding bytecode for initializing field INT_n
01:24:25.246 [main] INFO  o.e.r.i.CreateClassResetClassAdapter - Adding bytecode for initializing field INT_r
01:24:25.246 [main] INFO  o.e.r.i.CreateClassResetClassAdapter - Adding bytecode for initializing field INT_t
01:24:25.246 [main] INFO  o.e.r.i.CreateClassResetClassAdapter - Adding bytecode for initializing field INT_u
01:24:25.246 [main] INFO  o.e.r.instrumentation.EvoClassLoader - Keeping class: com.fasterxml.jackson.core.base.ParserMinimalBase
01:24:25.246 [main] INFO  o.e.r.instrumentation.EvoClassLoader - Keeping class: com.fasterxml.jackson.core.base.ParserBase
01:24:25.246 [main] INFO  o.e.r.instrumentation.EvoClassLoader - Keeping class: com.fasterxml.jackson.core.json.ReaderBasedJsonParser
01:24:25.246 [main] INFO  o.e.r.instrumentation.EvoClassLoader - Seeing class for first time: com.fasterxml.jackson.core.json.WriterBasedJsonGenerator
01:24:25.246 [main] INFO  o.e.r.instrumentation.EvoClassLoader - Instrumenting class 'com.fasterxml.jackson.core.json.WriterBasedJsonGenerator'.
01:24:25.247 [main] INFO  o.e.r.i.MethodCallReplacementClassAdapter - Adding mock interface to class com/fasterxml/jackson/core/json/WriterBasedJsonGenerator
01:24:25.250 [main] INFO  o.e.r.i.CreateClassResetClassAdapter - Found static initializer in class com/fasterxml/jackson/core/json/WriterBasedJsonGenerator
01:24:25.251 [main] INFO  o.e.r.instrumentation.EvoClassLoader - Keeping class: com.fasterxml.jackson.core.json.WriterBasedJsonGenerator
01:24:25.251 [main] INFO  o.e.r.instrumentation.EvoClassLoader - Seeing class for first time: com.fasterxml.jackson.core.util.JsonParserSequence
01:24:25.251 [main] INFO  o.e.r.instrumentation.EvoClassLoader - Instrumenting class 'com.fasterxml.jackson.core.util.JsonParserSequence'.
01:24:25.251 [main] INFO  o.e.r.i.MethodCallReplacementClassAdapter - Adding mock interface to class com/fasterxml/jackson/core/util/JsonParserSequence
01:24:25.251 [main] INFO  o.e.r.i.CreateClassResetClassAdapter - Creating brand-new static initializer in class com/fasterxml/jackson/core/util/JsonParserSequence
01:24:25.251 [main] INFO  o.e.r.instrumentation.EvoClassLoader - Seeing class for first time: com.fasterxml.jackson.core.util.JsonParserDelegate
01:24:25.251 [main] INFO  o.e.r.instrumentation.EvoClassLoader - Instrumenting class 'com.fasterxml.jackson.core.util.JsonParserDelegate'.
01:24:25.252 [main] INFO  o.e.r.i.MethodCallReplacementClassAdapter - Adding mock interface to class com/fasterxml/jackson/core/util/JsonParserDelegate
01:24:25.252 [main] INFO  o.e.r.i.CreateClassResetClassAdapter - Creating brand-new static initializer in class com/fasterxml/jackson/core/util/JsonParserDelegate
01:24:25.252 [main] INFO  o.e.r.instrumentation.EvoClassLoader - Keeping class: com.fasterxml.jackson.core.util.JsonParserDelegate
01:24:25.252 [main] INFO  o.e.r.instrumentation.EvoClassLoader - Keeping class: com.fasterxml.jackson.core.util.JsonParserSequence
01:24:25.253 [main] INFO  o.e.r.instrumentation.EvoClassLoader - Seeing class for first time: com.fasterxml.jackson.core.PrettyPrinter
01:24:25.253 [main] INFO  o.e.r.instrumentation.EvoClassLoader - Instrumenting class 'com.fasterxml.jackson.core.PrettyPrinter'.
01:24:25.253 [main] INFO  o.e.r.instrumentation.EvoClassLoader - Keeping class: com.fasterxml.jackson.core.PrettyPrinter
01:24:25.265 [main] WARN  org.evosuite.runtime.sandbox.Sandbox - Sandbox can be initalized only once
01:24:25.265 [main] INFO  o.e.r.instrumentation.EvoClassLoader - Seeing class for first time: com.fasterxml.jackson.core.JsonGenerationException
01:24:25.266 [main] INFO  o.e.r.instrumentation.EvoClassLoader - Instrumenting class 'com.fasterxml.jackson.core.JsonGenerationException'.
01:24:25.266 [main] INFO  o.e.r.i.MethodCallReplacementClassAdapter - Adding mock interface to class com/fasterxml/jackson/core/JsonGenerationException
01:24:25.266 [main] INFO  o.e.r.i.CreateClassResetClassAdapter - Creating brand-new static initializer in class com/fasterxml/jackson/core/JsonGenerationException
01:24:25.266 [main] INFO  o.e.r.instrumentation.EvoClassLoader - Seeing class for first time: com.fasterxml.jackson.core.JsonProcessingException
01:24:25.266 [main] INFO  o.e.r.instrumentation.EvoClassLoader - Instrumenting class 'com.fasterxml.jackson.core.JsonProcessingException'.
01:24:25.266 [main] INFO  o.e.r.i.MethodCallReplacementClassAdapter - Adding mock interface to class com/fasterxml/jackson/core/JsonProcessingException
01:24:25.266 [main] INFO  o.e.r.i.CreateClassResetClassAdapter - Creating brand-new static initializer in class com/fasterxml/jackson/core/JsonProcessingException
01:24:25.267 [main] INFO  o.e.r.instrumentation.EvoClassLoader - Keeping class: com.fasterxml.jackson.core.JsonProcessingException
01:24:25.267 [main] INFO  o.e.r.instrumentation.EvoClassLoader - Keeping class: com.fasterxml.jackson.core.JsonGenerationException
01:24:25.267 [main] INFO  o.e.r.instrumentation.EvoClassLoader - Seeing class for first time: com.fasterxml.jackson.core.JsonStreamContext
01:24:25.267 [main] INFO  o.e.r.instrumentation.EvoClassLoader - Instrumenting class 'com.fasterxml.jackson.core.JsonStreamContext'.
01:24:25.267 [main] INFO  o.e.r.i.MethodCallReplacementClassAdapter - Adding mock interface to class com/fasterxml/jackson/core/JsonStreamContext
01:24:25.267 [main] INFO  o.e.r.i.CreateClassResetClassAdapter - Creating brand-new static initializer in class com/fasterxml/jackson/core/JsonStreamContext
01:24:25.267 [main] INFO  o.e.r.i.CreateClassResetClassAdapter - Adding bytecode for initializing field TYPE_ROOT
01:24:25.267 [main] INFO  o.e.r.i.CreateClassResetClassAdapter - Adding bytecode for initializing field TYPE_ARRAY
01:24:25.267 [main] INFO  o.e.r.i.CreateClassResetClassAdapter - Adding bytecode for initializing field TYPE_OBJECT
01:24:25.268 [main] INFO  o.e.r.instrumentation.EvoClassLoader - Keeping class: com.fasterxml.jackson.core.JsonStreamContext
01:24:25.268 [main] INFO  o.e.r.instrumentation.EvoClassLoader - Seeing class for first time: com.fasterxml.jackson.core.json.JsonWriteContext
01:24:25.268 [main] INFO  o.e.r.instrumentation.EvoClassLoader - Instrumenting class 'com.fasterxml.jackson.core.json.JsonWriteContext'.
01:24:25.268 [main] INFO  o.e.r.i.MethodCallReplacementClassAdapter - Adding mock interface to class com/fasterxml/jackson/core/json/JsonWriteContext
01:24:25.268 [main] INFO  o.e.r.i.CreateClassResetClassAdapter - Creating brand-new static initializer in class com/fasterxml/jackson/core/json/JsonWriteContext
01:24:25.268 [main] INFO  o.e.r.i.CreateClassResetClassAdapter - Adding bytecode for initializing field STATUS_OK_AS_IS
01:24:25.268 [main] INFO  o.e.r.i.CreateClassResetClassAdapter - Adding bytecode for initializing field STATUS_OK_AFTER_COMMA
01:24:25.268 [main] INFO  o.e.r.i.CreateClassResetClassAdapter - Adding bytecode for initializing field STATUS_OK_AFTER_COLON
01:24:25.268 [main] INFO  o.e.r.i.CreateClassResetClassAdapter - Adding bytecode for initializing field STATUS_OK_AFTER_SPACE
01:24:25.268 [main] INFO  o.e.r.i.CreateClassResetClassAdapter - Adding bytecode for initializing field STATUS_EXPECT_VALUE
01:24:25.268 [main] INFO  o.e.r.i.CreateClassResetClassAdapter - Adding bytecode for initializing field STATUS_EXPECT_NAME
01:24:25.268 [main] INFO  o.e.r.instrumentation.EvoClassLoader - Keeping class: com.fasterxml.jackson.core.json.JsonWriteContext
01:24:25.269 [main] INFO  o.e.r.instrumentation.EvoClassLoader - Seeing class for first time: com.fasterxml.jackson.core.JsonParseException
01:24:25.269 [main] INFO  o.e.r.instrumentation.EvoClassLoader - Instrumenting class 'com.fasterxml.jackson.core.JsonParseException'.
01:24:25.269 [main] INFO  o.e.r.i.MethodCallReplacementClassAdapter - Adding mock interface to class com/fasterxml/jackson/core/JsonParseException
01:24:25.269 [main] INFO  o.e.r.i.CreateClassResetClassAdapter - Creating brand-new static initializer in class com/fasterxml/jackson/core/JsonParseException
01:24:25.269 [main] INFO  o.e.r.instrumentation.EvoClassLoader - Keeping class: com.fasterxml.jackson.core.JsonParseException
01:24:25.270 [main] INFO  o.e.r.instrumentation.EvoClassLoader - Seeing class for first time: com.fasterxml.jackson.core.JsonParser$NumberType
01:24:25.270 [main] INFO  o.e.r.instrumentation.EvoClassLoader - Instrumenting class 'com.fasterxml.jackson.core.JsonParser$NumberType'.
01:24:25.270 [main] INFO  o.e.r.i.MethodCallReplacementClassAdapter - Adding mock interface to class com/fasterxml/jackson/core/JsonParser$NumberType
01:24:25.270 [main] INFO  o.e.r.i.CreateClassResetClassAdapter - Found static initializer in class com/fasterxml/jackson/core/JsonParser$NumberType
01:24:25.270 [main] INFO  o.e.r.instrumentation.EvoClassLoader - Keeping class: com.fasterxml.jackson.core.JsonParser$NumberType
01:24:25.270 [main] INFO  o.e.r.instrumentation.EvoClassLoader - Seeing class for first time: com.fasterxml.jackson.core.util.DefaultPrettyPrinter$NopIndenter
01:24:25.270 [main] INFO  o.e.r.instrumentation.EvoClassLoader - Instrumenting class 'com.fasterxml.jackson.core.util.DefaultPrettyPrinter$NopIndenter'.
01:24:25.271 [main] INFO  o.e.r.i.MethodCallReplacementClassAdapter - Adding mock interface to class com/fasterxml/jackson/core/util/DefaultPrettyPrinter$NopIndenter
01:24:25.271 [main] INFO  o.e.r.i.CreateClassResetClassAdapter - Found static initializer in class com/fasterxml/jackson/core/util/DefaultPrettyPrinter$NopIndenter
01:24:25.271 [main] INFO  o.e.r.instrumentation.EvoClassLoader - Seeing class for first time: com.fasterxml.jackson.core.util.DefaultPrettyPrinter$Indenter
01:24:25.271 [main] INFO  o.e.r.instrumentation.EvoClassLoader - Instrumenting class 'com.fasterxml.jackson.core.util.DefaultPrettyPrinter$Indenter'.
01:24:25.271 [main] INFO  o.e.r.instrumentation.EvoClassLoader - Keeping class: com.fasterxml.jackson.core.util.DefaultPrettyPrinter$Indenter
01:24:25.271 [main] INFO  o.e.r.instrumentation.EvoClassLoader - Keeping class: com.fasterxml.jackson.core.util.DefaultPrettyPrinter$NopIndenter
01:24:25.271 [main] INFO  o.e.r.instrumentation.EvoClassLoader - Seeing class for first time: com.fasterxml.jackson.core.io.CharTypes
01:24:25.271 [main] INFO  o.e.r.instrumentation.EvoClassLoader - Instrumenting class 'com.fasterxml.jackson.core.io.CharTypes'.
01:24:25.271 [main] INFO  o.e.r.i.MethodCallReplacementClassAdapter - Adding mock interface to class com/fasterxml/jackson/core/io/CharTypes
01:24:25.272 [main] INFO  o.e.r.i.CreateClassResetClassAdapter - Found static initializer in class com/fasterxml/jackson/core/io/CharTypes
01:24:25.272 [main] INFO  o.e.r.instrumentation.EvoClassLoader - Keeping class: com.fasterxml.jackson.core.io.CharTypes
01:24:25.275 [main] INFO  o.e.r.instrumentation.EvoClassLoader - Seeing class for first time: com.fasterxml.jackson.core.util.MinimalPrettyPrinter
01:24:25.275 [main] INFO  o.e.r.instrumentation.EvoClassLoader - Instrumenting class 'com.fasterxml.jackson.core.util.MinimalPrettyPrinter'.
01:24:25.275 [main] INFO  o.e.r.i.MethodCallReplacementClassAdapter - Adding mock interface to class com/fasterxml/jackson/core/util/MinimalPrettyPrinter
01:24:25.275 [main] INFO  o.e.r.i.CreateClassResetClassAdapter - Creating brand-new static initializer in class com/fasterxml/jackson/core/util/MinimalPrettyPrinter
01:24:25.275 [main] INFO  o.e.r.i.CreateClassResetClassAdapter - Adding bytecode for initializing field DEFAULT_ROOT_VALUE_SEPARATOR
01:24:25.276 [main] INFO  o.e.r.instrumentation.EvoClassLoader - Keeping class: com.fasterxml.jackson.core.util.MinimalPrettyPrinter
01:24:25.276 [main] INFO  o.e.r.instrumentation.EvoClassLoader - Seeing class for first time: com.fasterxml.jackson.core.sym.CharsToNameCanonicalizer
01:24:25.276 [main] INFO  o.e.r.instrumentation.EvoClassLoader - Instrumenting class 'com.fasterxml.jackson.core.sym.CharsToNameCanonicalizer'.
01:24:25.276 [main] INFO  o.e.r.i.MethodCallReplacementClassAdapter - Adding mock interface to class com/fasterxml/jackson/core/sym/CharsToNameCanonicalizer
01:24:25.277 [main] INFO  o.e.r.i.CreateClassResetClassAdapter - Found static initializer in class com/fasterxml/jackson/core/sym/CharsToNameCanonicalizer
01:24:25.278 [main] INFO  o.e.r.instrumentation.EvoClassLoader - Keeping class: com.fasterxml.jackson.core.sym.CharsToNameCanonicalizer
01:24:25.278 [main] INFO  o.e.r.instrumentation.EvoClassLoader - Seeing class for first time: com.fasterxml.jackson.core.sym.CharsToNameCanonicalizer$Bucket
01:24:25.278 [main] INFO  o.e.r.instrumentation.EvoClassLoader - Instrumenting class 'com.fasterxml.jackson.core.sym.CharsToNameCanonicalizer$Bucket'.
01:24:25.279 [main] INFO  o.e.r.i.MethodCallReplacementClassAdapter - Adding mock interface to class com/fasterxml/jackson/core/sym/CharsToNameCanonicalizer$Bucket
01:24:25.279 [main] INFO  o.e.r.i.CreateClassResetClassAdapter - Creating brand-new static initializer in class com/fasterxml/jackson/core/sym/CharsToNameCanonicalizer$Bucket
01:24:25.279 [main] INFO  o.e.r.instrumentation.EvoClassLoader - Keeping class: com.fasterxml.jackson.core.sym.CharsToNameCanonicalizer$Bucket
01:24:25.279 [main] INFO  o.e.r.instrumentation.EvoClassLoader - Seeing class for first time: com.fasterxml.jackson.core.util.BufferRecycler$CharBufferType
01:24:25.279 [main] INFO  o.e.r.instrumentation.EvoClassLoader - Instrumenting class 'com.fasterxml.jackson.core.util.BufferRecycler$CharBufferType'.
01:24:25.279 [main] INFO  o.e.r.i.MethodCallReplacementClassAdapter - Adding mock interface to class com/fasterxml/jackson/core/util/BufferRecycler$CharBufferType
01:24:25.280 [main] INFO  o.e.r.i.CreateClassResetClassAdapter - Found static initializer in class com/fasterxml/jackson/core/util/BufferRecycler$CharBufferType
01:24:25.280 [main] INFO  o.e.r.instrumentation.EvoClassLoader - Keeping class: com.fasterxml.jackson.core.util.BufferRecycler$CharBufferType
01:24:25.280 [main] INFO  o.e.r.instrumentation.EvoClassLoader - Seeing class for first time: com.fasterxml.jackson.core.sym.Name1
01:24:25.280 [main] INFO  o.e.r.instrumentation.EvoClassLoader - Instrumenting class 'com.fasterxml.jackson.core.sym.Name1'.
01:24:25.280 [main] INFO  o.e.r.i.MethodCallReplacementClassAdapter - Adding mock interface to class com/fasterxml/jackson/core/sym/Name1
01:24:25.280 [main] INFO  o.e.r.i.CreateClassResetClassAdapter - Found static initializer in class com/fasterxml/jackson/core/sym/Name1
01:24:25.281 [main] INFO  o.e.r.instrumentation.EvoClassLoader - Seeing class for first time: com.fasterxml.jackson.core.sym.Name
01:24:25.281 [main] INFO  o.e.r.instrumentation.EvoClassLoader - Instrumenting class 'com.fasterxml.jackson.core.sym.Name'.
01:24:25.282 [main] INFO  o.e.r.i.MethodCallReplacementClassAdapter - Adding mock interface to class com/fasterxml/jackson/core/sym/Name
01:24:25.282 [main] INFO  o.e.r.i.CreateClassResetClassAdapter - Creating brand-new static initializer in class com/fasterxml/jackson/core/sym/Name
01:24:25.282 [main] INFO  o.e.r.instrumentation.EvoClassLoader - Keeping class: com.fasterxml.jackson.core.sym.Name
01:24:25.282 [main] INFO  o.e.r.instrumentation.EvoClassLoader - Keeping class: com.fasterxml.jackson.core.sym.Name1
01:24:25.282 [main] INFO  o.e.r.instrumentation.EvoClassLoader - Seeing class for first time: com.fasterxml.jackson.core.sym.Name2
01:24:25.282 [main] INFO  o.e.r.instrumentation.EvoClassLoader - Instrumenting class 'com.fasterxml.jackson.core.sym.Name2'.
01:24:25.282 [main] INFO  o.e.r.i.MethodCallReplacementClassAdapter - Adding mock interface to class com/fasterxml/jackson/core/sym/Name2
01:24:25.283 [main] INFO  o.e.r.i.CreateClassResetClassAdapter - Creating brand-new static initializer in class com/fasterxml/jackson/core/sym/Name2
01:24:25.283 [main] INFO  o.e.r.instrumentation.EvoClassLoader - Keeping class: com.fasterxml.jackson.core.sym.Name2
01:24:25.283 [main] INFO  o.e.r.instrumentation.EvoClassLoader - Seeing class for first time: com.fasterxml.jackson.core.sym.Name3
01:24:25.283 [main] INFO  o.e.r.instrumentation.EvoClassLoader - Instrumenting class 'com.fasterxml.jackson.core.sym.Name3'.
01:24:25.283 [main] INFO  o.e.r.i.MethodCallReplacementClassAdapter - Adding mock interface to class com/fasterxml/jackson/core/sym/Name3
01:24:25.283 [main] INFO  o.e.r.i.CreateClassResetClassAdapter - Creating brand-new static initializer in class com/fasterxml/jackson/core/sym/Name3
01:24:25.283 [main] INFO  o.e.r.instrumentation.EvoClassLoader - Keeping class: com.fasterxml.jackson.core.sym.Name3
01:24:25.283 [main] INFO  o.e.r.instrumentation.EvoClassLoader - Seeing class for first time: com.fasterxml.jackson.core.io.NumberOutput
01:24:25.283 [main] INFO  o.e.r.instrumentation.EvoClassLoader - Instrumenting class 'com.fasterxml.jackson.core.io.NumberOutput'.
01:24:25.284 [main] INFO  o.e.r.i.MethodCallReplacementClassAdapter - Adding mock interface to class com/fasterxml/jackson/core/io/NumberOutput
01:24:25.284 [main] INFO  o.e.r.i.CreateClassResetClassAdapter - Found static initializer in class com/fasterxml/jackson/core/io/NumberOutput
01:24:25.285 [main] INFO  o.e.r.instrumentation.EvoClassLoader - Keeping class: com.fasterxml.jackson.core.io.NumberOutput
01:24:25.300 [main] INFO  o.e.r.instrumentation.EvoClassLoader - Seeing class for first time: com.fasterxml.jackson.core.type.TypeReference
01:24:25.300 [main] INFO  o.e.r.instrumentation.EvoClassLoader - Instrumenting class 'com.fasterxml.jackson.core.type.TypeReference'.
01:24:25.300 [main] INFO  o.e.r.i.MethodCallReplacementClassAdapter - Adding mock interface to class com/fasterxml/jackson/core/type/TypeReference
01:24:25.303 [main] INFO  o.e.r.i.CreateClassResetClassAdapter - Creating brand-new static initializer in class com/fasterxml/jackson/core/type/TypeReference
01:24:25.303 [main] INFO  o.e.r.instrumentation.EvoClassLoader - Keeping class: com.fasterxml.jackson.core.type.TypeReference
01:24:25.304 [main] INFO  o.e.r.instrumentation.EvoClassLoader - Seeing class for first time: com.fasterxml.jackson.core.sym.BytesToNameCanonicalizer$TableInfo
01:24:25.304 [main] INFO  o.e.r.instrumentation.EvoClassLoader - Instrumenting class 'com.fasterxml.jackson.core.sym.BytesToNameCanonicalizer$TableInfo'.
01:24:25.304 [main] INFO  o.e.r.i.MethodCallReplacementClassAdapter - Adding mock interface to class com/fasterxml/jackson/core/sym/BytesToNameCanonicalizer$TableInfo
01:24:25.304 [main] INFO  o.e.r.i.CreateClassResetClassAdapter - Creating brand-new static initializer in class com/fasterxml/jackson/core/sym/BytesToNameCanonicalizer$TableInfo
01:24:25.304 [main] INFO  o.e.r.instrumentation.EvoClassLoader - Keeping class: com.fasterxml.jackson.core.sym.BytesToNameCanonicalizer$TableInfo
01:24:25.304 [main] INFO  o.e.r.instrumentation.EvoClassLoader - Seeing class for first time: com.fasterxml.jackson.core.io.JsonStringEncoder
01:24:25.304 [main] INFO  o.e.r.instrumentation.EvoClassLoader - Instrumenting class 'com.fasterxml.jackson.core.io.JsonStringEncoder'.
01:24:25.305 [main] INFO  o.e.r.i.MethodCallReplacementClassAdapter - Adding mock interface to class com/fasterxml/jackson/core/io/JsonStringEncoder
01:24:25.306 [main] INFO  o.e.r.i.CreateClassResetClassAdapter - Found static initializer in class com/fasterxml/jackson/core/io/JsonStringEncoder
01:24:25.306 [main] INFO  o.e.r.instrumentation.EvoClassLoader - Keeping class: com.fasterxml.jackson.core.io.JsonStringEncoder
01:24:25.307 [main] INFO  o.e.r.instrumentation.EvoClassLoader - Seeing class for first time: com.fasterxml.jackson.core.io.UTF8Writer
01:24:25.307 [main] INFO  o.e.r.instrumentation.EvoClassLoader - Instrumenting class 'com.fasterxml.jackson.core.io.UTF8Writer'.
01:24:25.307 [main] INFO  o.e.r.i.MethodCallReplacementClassAdapter - Adding mock interface to class com/fasterxml/jackson/core/io/UTF8Writer
01:24:25.308 [main] INFO  o.e.r.i.CreateClassResetClassAdapter - Creating brand-new static initializer in class com/fasterxml/jackson/core/io/UTF8Writer
01:24:25.308 [main] INFO  o.e.r.i.CreateClassResetClassAdapter - Adding bytecode for initializing field SURR1_FIRST
01:24:25.308 [main] INFO  o.e.r.i.CreateClassResetClassAdapter - Adding bytecode for initializing field SURR1_LAST
01:24:25.308 [main] INFO  o.e.r.i.CreateClassResetClassAdapter - Adding bytecode for initializing field SURR2_FIRST
01:24:25.308 [main] INFO  o.e.r.i.CreateClassResetClassAdapter - Adding bytecode for initializing field SURR2_LAST
01:24:25.309 [main] INFO  o.e.r.instrumentation.EvoClassLoader - Keeping class: com.fasterxml.jackson.core.io.UTF8Writer
01:24:25.309 [main] INFO  o.e.r.instrumentation.EvoClassLoader - Seeing class for first time: com.fasterxml.jackson.core.Version
01:24:25.309 [main] INFO  o.e.r.instrumentation.EvoClassLoader - Instrumenting class 'com.fasterxml.jackson.core.Version'.
01:24:25.309 [main] INFO  o.e.r.i.MethodCallReplacementClassAdapter - Adding mock interface to class com/fasterxml/jackson/core/Version
01:24:25.310 [main] INFO  o.e.r.i.CreateClassResetClassAdapter - Found static initializer in class com/fasterxml/jackson/core/Version
01:24:25.310 [main] INFO  o.e.r.instrumentation.EvoClassLoader - Keeping class: com.fasterxml.jackson.core.Version
01:24:25.310 [main] INFO  o.e.r.instrumentation.EvoClassLoader - Seeing class for first time: com.fasterxml.jackson.core.util.VersionUtil
01:24:25.310 [main] INFO  o.e.r.instrumentation.EvoClassLoader - Instrumenting class 'com.fasterxml.jackson.core.util.VersionUtil'.
01:24:25.311 [main] INFO  o.e.r.i.MethodCallReplacementClassAdapter - Adding mock interface to class com/fasterxml/jackson/core/util/VersionUtil
01:24:25.312 [main] INFO  o.e.r.i.CreateClassResetClassAdapter - Found static initializer in class com/fasterxml/jackson/core/util/VersionUtil
01:24:25.313 [main] INFO  o.e.r.instrumentation.EvoClassLoader - Keeping class: com.fasterxml.jackson.core.util.VersionUtil
01:24:25.314 [main] INFO  o.e.r.instrumentation.EvoClassLoader - Seeing class for first time: com.fasterxml.jackson.core.format.InputAccessor
01:24:25.314 [main] INFO  o.e.r.instrumentation.EvoClassLoader - Instrumenting class 'com.fasterxml.jackson.core.format.InputAccessor'.
01:24:25.314 [main] INFO  o.e.r.instrumentation.EvoClassLoader - Keeping class: com.fasterxml.jackson.core.format.InputAccessor
01:24:25.314 [main] INFO  o.e.r.instrumentation.EvoClassLoader - Seeing class for first time: com.fasterxml.jackson.core.util.Instantiatable
01:24:25.314 [main] INFO  o.e.r.instrumentation.EvoClassLoader - Instrumenting class 'com.fasterxml.jackson.core.util.Instantiatable'.
01:24:25.315 [main] INFO  o.e.r.instrumentation.EvoClassLoader - Keeping class: com.fasterxml.jackson.core.util.Instantiatable
01:24:25.315 [main] INFO  o.e.r.instrumentation.EvoClassLoader - Seeing class for first time: com.fasterxml.jackson.core.Base64Variant
01:24:25.315 [main] INFO  o.e.r.instrumentation.EvoClassLoader - Instrumenting class 'com.fasterxml.jackson.core.Base64Variant'.
01:24:25.315 [main] INFO  o.e.r.i.MethodCallReplacementClassAdapter - Adding mock interface to class com/fasterxml/jackson/core/Base64Variant
01:24:25.316 [main] INFO  o.e.r.i.CreateClassResetClassAdapter - Creating brand-new static initializer in class com/fasterxml/jackson/core/Base64Variant
01:24:25.316 [main] INFO  o.e.r.i.CreateClassResetClassAdapter - Adding bytecode for initializing field INT_SPACE
01:24:25.316 [main] INFO  o.e.r.i.CreateClassResetClassAdapter - Adding bytecode for initializing field PADDING_CHAR_NONE
01:24:25.316 [main] INFO  o.e.r.i.CreateClassResetClassAdapter - Adding bytecode for initializing field BASE64_VALUE_INVALID
01:24:25.316 [main] INFO  o.e.r.i.CreateClassResetClassAdapter - Adding bytecode for initializing field BASE64_VALUE_PADDING
01:24:25.316 [main] INFO  o.e.r.instrumentation.EvoClassLoader - Keeping class: com.fasterxml.jackson.core.Base64Variant
01:24:25.317 [main] INFO  o.e.r.instrumentation.EvoClassLoader - Seeing class for first time: com.fasterxml.jackson.core.io.InputDecorator
01:24:25.317 [main] INFO  o.e.r.instrumentation.EvoClassLoader - Instrumenting class 'com.fasterxml.jackson.core.io.InputDecorator'.
01:24:25.317 [main] INFO  o.e.r.i.MethodCallReplacementClassAdapter - Adding mock interface to class com/fasterxml/jackson/core/io/InputDecorator
01:24:25.317 [main] INFO  o.e.r.i.CreateClassResetClassAdapter - Creating brand-new static initializer in class com/fasterxml/jackson/core/io/InputDecorator
01:24:25.317 [main] INFO  o.e.r.instrumentation.EvoClassLoader - Keeping class: com.fasterxml.jackson.core.io.InputDecorator
01:24:25.317 [main] INFO  o.e.r.instrumentation.EvoClassLoader - Seeing class for first time: com.fasterxml.jackson.core.util.JsonGeneratorDelegate
01:24:25.317 [main] INFO  o.e.r.instrumentation.EvoClassLoader - Instrumenting class 'com.fasterxml.jackson.core.util.JsonGeneratorDelegate'.
01:24:25.318 [main] INFO  o.e.r.i.MethodCallReplacementClassAdapter - Adding mock interface to class com/fasterxml/jackson/core/util/JsonGeneratorDelegate
01:24:25.318 [main] INFO  o.e.r.i.CreateClassResetClassAdapter - Creating brand-new static initializer in class com/fasterxml/jackson/core/util/JsonGeneratorDelegate
01:24:25.319 [main] INFO  o.e.r.instrumentation.EvoClassLoader - Keeping class: com.fasterxml.jackson.core.util.JsonGeneratorDelegate
01:24:25.320 [main] INFO  o.e.r.instrumentation.EvoClassLoader - Seeing class for first time: com.fasterxml.jackson.core.json.JsonReadContext
01:24:25.320 [main] INFO  o.e.r.instrumentation.EvoClassLoader - Instrumenting class 'com.fasterxml.jackson.core.json.JsonReadContext'.
01:24:25.321 [main] INFO  o.e.r.i.MethodCallReplacementClassAdapter - Adding mock interface to class com/fasterxml/jackson/core/json/JsonReadContext
01:24:25.321 [main] INFO  o.e.r.i.CreateClassResetClassAdapter - Creating brand-new static initializer in class com/fasterxml/jackson/core/json/JsonReadContext
01:24:25.321 [main] INFO  o.e.r.instrumentation.EvoClassLoader - Keeping class: com.fasterxml.jackson.core.json.JsonReadContext
01:24:25.322 [main] INFO  o.e.r.instrumentation.EvoClassLoader - Seeing class for first time: com.fasterxml.jackson.core.io.OutputDecorator
01:24:25.322 [main] INFO  o.e.r.instrumentation.EvoClassLoader - Instrumenting class 'com.fasterxml.jackson.core.io.OutputDecorator'.
01:24:25.322 [main] INFO  o.e.r.i.MethodCallReplacementClassAdapter - Adding mock interface to class com/fasterxml/jackson/core/io/OutputDecorator
01:24:25.322 [main] INFO  o.e.r.i.CreateClassResetClassAdapter - Creating brand-new static initializer in class com/fasterxml/jackson/core/io/OutputDecorator
01:24:25.322 [main] INFO  o.e.r.instrumentation.EvoClassLoader - Keeping class: com.fasterxml.jackson.core.io.OutputDecorator
01:24:25.323 [main] INFO  o.e.r.instrumentation.EvoClassLoader - Seeing class for first time: com.fasterxml.jackson.core.json.PackageVersion
01:24:25.323 [main] INFO  o.e.r.instrumentation.EvoClassLoader - Instrumenting class 'com.fasterxml.jackson.core.json.PackageVersion'.
01:24:25.323 [main] INFO  o.e.r.i.MethodCallReplacementClassAdapter - Adding mock interface to class com/fasterxml/jackson/core/json/PackageVersion
01:24:25.323 [main] INFO  o.e.r.i.CreateClassResetClassAdapter - Found static initializer in class com/fasterxml/jackson/core/json/PackageVersion
01:24:25.323 [main] INFO  o.e.r.instrumentation.EvoClassLoader - Keeping class: com.fasterxml.jackson.core.json.PackageVersion
01:24:25.323 [main] INFO  o.e.r.instrumentation.EvoClassLoader - Seeing class for first time: com.fasterxml.jackson.core.sym.BytesToNameCanonicalizer$Bucket
01:24:25.323 [main] INFO  o.e.r.instrumentation.EvoClassLoader - Instrumenting class 'com.fasterxml.jackson.core.sym.BytesToNameCanonicalizer$Bucket'.
01:24:25.323 [main] INFO  o.e.r.i.MethodCallReplacementClassAdapter - Adding mock interface to class com/fasterxml/jackson/core/sym/BytesToNameCanonicalizer$Bucket
01:24:25.324 [main] INFO  o.e.r.i.CreateClassResetClassAdapter - Creating brand-new static initializer in class com/fasterxml/jackson/core/sym/BytesToNameCanonicalizer$Bucket
01:24:25.324 [main] INFO  o.e.r.instrumentation.EvoClassLoader - Keeping class: com.fasterxml.jackson.core.sym.BytesToNameCanonicalizer$Bucket
01:24:25.324 [main] INFO  o.e.r.instrumentation.EvoClassLoader - Seeing class for first time: com.fasterxml.jackson.core.sym.BytesToNameCanonicalizer
01:24:25.324 [main] INFO  o.e.r.instrumentation.EvoClassLoader - Instrumenting class 'com.fasterxml.jackson.core.sym.BytesToNameCanonicalizer'.
01:24:25.324 [main] INFO  o.e.r.i.MethodCallReplacementClassAdapter - Adding mock interface to class com/fasterxml/jackson/core/sym/BytesToNameCanonicalizer
01:24:25.326 [main] INFO  o.e.r.i.CreateClassResetClassAdapter - Creating brand-new static initializer in class com/fasterxml/jackson/core/sym/BytesToNameCanonicalizer
01:24:25.327 [main] INFO  o.e.r.i.CreateClassResetClassAdapter - Adding bytecode for initializing field DEFAULT_TABLE_SIZE
01:24:25.327 [main] INFO  o.e.r.i.CreateClassResetClassAdapter - Adding bytecode for initializing field MAX_TABLE_SIZE
01:24:25.327 [main] INFO  o.e.r.i.CreateClassResetClassAdapter - Adding bytecode for initializing field MAX_ENTRIES_FOR_REUSE
01:24:25.327 [main] INFO  o.e.r.i.CreateClassResetClassAdapter - Adding bytecode for initializing field MAX_COLL_CHAIN_LENGTH
01:24:25.327 [main] INFO  o.e.r.i.CreateClassResetClassAdapter - Adding bytecode for initializing field MAX_COLL_CHAIN_FOR_REUSE
01:24:25.327 [main] INFO  o.e.r.i.CreateClassResetClassAdapter - Adding bytecode for initializing field MIN_HASH_SIZE
01:24:25.327 [main] INFO  o.e.r.i.CreateClassResetClassAdapter - Adding bytecode for initializing field INITIAL_COLLISION_LEN
01:24:25.327 [main] INFO  o.e.r.i.CreateClassResetClassAdapter - Adding bytecode for initializing field LAST_VALID_BUCKET
01:24:25.327 [main] INFO  o.e.r.i.CreateClassResetClassAdapter - Adding bytecode for initializing field MULT
01:24:25.327 [main] INFO  o.e.r.i.CreateClassResetClassAdapter - Adding bytecode for initializing field MULT2
01:24:25.327 [main] INFO  o.e.r.i.CreateClassResetClassAdapter - Adding bytecode for initializing field MULT3
01:24:25.327 [main] INFO  o.e.r.instrumentation.EvoClassLoader - Keeping class: com.fasterxml.jackson.core.sym.BytesToNameCanonicalizer
01:24:25.327 [main] INFO  o.e.r.instrumentation.EvoClassLoader - Seeing class for first time: com.fasterxml.jackson.core.sym.NameN
01:24:25.327 [main] INFO  o.e.r.instrumentation.EvoClassLoader - Instrumenting class 'com.fasterxml.jackson.core.sym.NameN'.
01:24:25.327 [main] INFO  o.e.r.i.MethodCallReplacementClassAdapter - Adding mock interface to class com/fasterxml/jackson/core/sym/NameN
01:24:25.328 [main] INFO  o.e.r.i.CreateClassResetClassAdapter - Creating brand-new static initializer in class com/fasterxml/jackson/core/sym/NameN
01:24:25.328 [main] INFO  o.e.r.instrumentation.EvoClassLoader - Keeping class: com.fasterxml.jackson.core.sym.NameN
01:24:25.330 [main] INFO  o.e.r.instrumentation.EvoClassLoader - Seeing class for first time: com.fasterxml.jackson.core.JsonLocation
01:24:25.330 [main] INFO  o.e.r.instrumentation.EvoClassLoader - Instrumenting class 'com.fasterxml.jackson.core.JsonLocation'.
01:24:25.330 [main] INFO  o.e.r.i.MethodCallReplacementClassAdapter - Adding mock interface to class com/fasterxml/jackson/core/JsonLocation
01:24:25.331 [main] INFO  o.e.r.i.CreateClassResetClassAdapter - Found static initializer in class com/fasterxml/jackson/core/JsonLocation
01:24:25.331 [main] INFO  o.e.r.instrumentation.EvoClassLoader - Keeping class: com.fasterxml.jackson.core.JsonLocation
01:24:25.331 [main] INFO  o.e.r.instrumentation.EvoClassLoader - Seeing class for first time: com.fasterxml.jackson.core.io.CharacterEscapes
01:24:25.331 [main] INFO  o.e.r.instrumentation.EvoClassLoader - Instrumenting class 'com.fasterxml.jackson.core.io.CharacterEscapes'.
01:24:25.331 [main] INFO  o.e.r.i.MethodCallReplacementClassAdapter - Adding mock interface to class com/fasterxml/jackson/core/io/CharacterEscapes
01:24:25.332 [main] INFO  o.e.r.i.CreateClassResetClassAdapter - Creating brand-new static initializer in class com/fasterxml/jackson/core/io/CharacterEscapes
01:24:25.332 [main] INFO  o.e.r.i.CreateClassResetClassAdapter - Adding bytecode for initializing field ESCAPE_NONE
01:24:25.332 [main] INFO  o.e.r.i.CreateClassResetClassAdapter - Adding bytecode for initializing field ESCAPE_STANDARD
01:24:25.332 [main] INFO  o.e.r.i.CreateClassResetClassAdapter - Adding bytecode for initializing field ESCAPE_CUSTOM
01:24:25.332 [main] INFO  o.e.r.instrumentation.EvoClassLoader - Keeping class: com.fasterxml.jackson.core.io.CharacterEscapes
01:24:25.332 [main] INFO  o.e.r.instrumentation.EvoClassLoader - Seeing class for first time: com.fasterxml.jackson.core.ObjectCodec
01:24:25.332 [main] INFO  o.e.r.instrumentation.EvoClassLoader - Instrumenting class 'com.fasterxml.jackson.core.ObjectCodec'.
01:24:25.332 [main] INFO  o.e.r.i.MethodCallReplacementClassAdapter - Adding mock interface to class com/fasterxml/jackson/core/ObjectCodec
01:24:25.332 [main] INFO  o.e.r.i.CreateClassResetClassAdapter - Creating brand-new static initializer in class com/fasterxml/jackson/core/ObjectCodec
01:24:25.333 [main] INFO  o.e.r.instrumentation.EvoClassLoader - Keeping class: com.fasterxml.jackson.core.ObjectCodec
01:24:25.333 [main] INFO  o.e.r.instrumentation.EvoClassLoader - Seeing class for first time: com.fasterxml.jackson.core.type.ResolvedType
01:24:25.333 [main] INFO  o.e.r.instrumentation.EvoClassLoader - Instrumenting class 'com.fasterxml.jackson.core.type.ResolvedType'.
01:24:25.333 [main] INFO  o.e.r.i.MethodCallReplacementClassAdapter - Adding mock interface to class com/fasterxml/jackson/core/type/ResolvedType
01:24:25.333 [main] INFO  o.e.r.i.CreateClassResetClassAdapter - Creating brand-new static initializer in class com/fasterxml/jackson/core/type/ResolvedType
01:24:25.333 [main] INFO  o.e.r.instrumentation.EvoClassLoader - Keeping class: com.fasterxml.jackson.core.type.ResolvedType
01:24:25.334 [main] INFO  o.e.r.instrumentation.EvoClassLoader - Seeing class for first time: com.fasterxml.jackson.core.JsonFactory$Feature
01:24:25.334 [main] INFO  o.e.r.instrumentation.EvoClassLoader - Instrumenting class 'com.fasterxml.jackson.core.JsonFactory$Feature'.
01:24:25.334 [main] INFO  o.e.r.i.MethodCallReplacementClassAdapter - Adding mock interface to class com/fasterxml/jackson/core/JsonFactory$Feature
01:24:25.334 [main] INFO  o.e.r.i.CreateClassResetClassAdapter - Found static initializer in class com/fasterxml/jackson/core/JsonFactory$Feature
01:24:25.334 [main] INFO  o.e.r.instrumentation.EvoClassLoader - Keeping class: com.fasterxml.jackson.core.JsonFactory$Feature
01:24:25.335 [main] INFO  o.e.r.instrumentation.EvoClassLoader - Seeing class for first time: com.fasterxml.jackson.core.JsonParser$Feature
01:24:25.335 [main] INFO  o.e.r.instrumentation.EvoClassLoader - Instrumenting class 'com.fasterxml.jackson.core.JsonParser$Feature'.
01:24:25.335 [main] INFO  o.e.r.i.MethodCallReplacementClassAdapter - Adding mock interface to class com/fasterxml/jackson/core/JsonParser$Feature
01:24:25.335 [main] INFO  o.e.r.i.CreateClassResetClassAdapter - Found static initializer in class com/fasterxml/jackson/core/JsonParser$Feature
01:24:25.335 [main] INFO  o.e.r.instrumentation.EvoClassLoader - Keeping class: com.fasterxml.jackson.core.JsonParser$Feature
01:24:25.335 [main] INFO  o.e.r.instrumentation.EvoClassLoader - Seeing class for first time: com.fasterxml.jackson.core.io.SerializedString
01:24:25.335 [main] INFO  o.e.r.instrumentation.EvoClassLoader - Instrumenting class 'com.fasterxml.jackson.core.io.SerializedString'.
01:24:25.336 [main] INFO  o.e.r.i.MethodCallReplacementClassAdapter - Adding mock interface to class com/fasterxml/jackson/core/io/SerializedString
01:24:25.337 [main] INFO  o.e.r.i.CreateClassResetClassAdapter - Creating brand-new static initializer in class com/fasterxml/jackson/core/io/SerializedString
01:24:25.337 [main] INFO  o.e.r.instrumentation.EvoClassLoader - Keeping class: com.fasterxml.jackson.core.io.SerializedString
01:24:25.337 [main] INFO  o.e.r.instrumentation.EvoClassLoader - Seeing class for first time: com.fasterxml.jackson.core.util.DefaultPrettyPrinter$FixedSpaceIndenter
01:24:25.337 [main] INFO  o.e.r.instrumentation.EvoClassLoader - Instrumenting class 'com.fasterxml.jackson.core.util.DefaultPrettyPrinter$FixedSpaceIndenter'.
01:24:25.337 [main] INFO  o.e.r.i.MethodCallReplacementClassAdapter - Adding mock interface to class com/fasterxml/jackson/core/util/DefaultPrettyPrinter$FixedSpaceIndenter
01:24:25.338 [main] INFO  o.e.r.i.CreateClassResetClassAdapter - Found static initializer in class com/fasterxml/jackson/core/util/DefaultPrettyPrinter$FixedSpaceIndenter
01:24:25.338 [main] INFO  o.e.r.instrumentation.EvoClassLoader - Keeping class: com.fasterxml.jackson.core.util.DefaultPrettyPrinter$FixedSpaceIndenter
01:24:25.338 [main] INFO  o.e.r.instrumentation.EvoClassLoader - Seeing class for first time: com.fasterxml.jackson.core.JsonEncoding
01:24:25.338 [main] INFO  o.e.r.instrumentation.EvoClassLoader - Instrumenting class 'com.fasterxml.jackson.core.JsonEncoding'.
01:24:25.338 [main] INFO  o.e.r.i.MethodCallReplacementClassAdapter - Adding mock interface to class com/fasterxml/jackson/core/JsonEncoding
01:24:25.338 [main] INFO  o.e.r.i.CreateClassResetClassAdapter - Found static initializer in class com/fasterxml/jackson/core/JsonEncoding
01:24:25.339 [main] INFO  o.e.r.instrumentation.EvoClassLoader - Keeping class: com.fasterxml.jackson.core.JsonEncoding
01:24:25.339 [main] INFO  o.e.r.instrumentation.EvoClassLoader - Seeing class for first time: com.fasterxml.jackson.core.util.DefaultPrettyPrinter
01:24:25.339 [main] INFO  o.e.r.instrumentation.EvoClassLoader - Instrumenting class 'com.fasterxml.jackson.core.util.DefaultPrettyPrinter'.
01:24:25.339 [main] INFO  o.e.r.i.MethodCallReplacementClassAdapter - Adding mock interface to class com/fasterxml/jackson/core/util/DefaultPrettyPrinter
01:24:25.340 [main] INFO  o.e.r.i.CreateClassResetClassAdapter - Found static initializer in class com/fasterxml/jackson/core/util/DefaultPrettyPrinter
01:24:25.340 [main] INFO  o.e.r.instrumentation.EvoClassLoader - Keeping class: com.fasterxml.jackson.core.util.DefaultPrettyPrinter
01:24:25.341 [main] INFO  o.e.r.instrumentation.EvoClassLoader - Seeing class for first time: com.fasterxml.jackson.core.JsonToken
01:24:25.341 [main] INFO  o.e.r.instrumentation.EvoClassLoader - Instrumenting class 'com.fasterxml.jackson.core.JsonToken'.
01:24:25.341 [main] INFO  o.e.r.i.MethodCallReplacementClassAdapter - Adding mock interface to class com/fasterxml/jackson/core/JsonToken
01:24:25.341 [main] INFO  o.e.r.i.CreateClassResetClassAdapter - Found static initializer in class com/fasterxml/jackson/core/JsonToken
01:24:25.341 [main] INFO  o.e.r.instrumentation.EvoClassLoader - Keeping class: com.fasterxml.jackson.core.JsonToken
01:24:25.342 [main] INFO  o.e.r.instrumentation.EvoClassLoader - Seeing class for first time: com.fasterxml.jackson.core.util.BufferRecycler
01:24:25.342 [main] INFO  o.e.r.instrumentation.EvoClassLoader - Instrumenting class 'com.fasterxml.jackson.core.util.BufferRecycler'.
01:24:25.342 [main] INFO  o.e.r.i.MethodCallReplacementClassAdapter - Adding mock interface to class com/fasterxml/jackson/core/util/BufferRecycler
01:24:25.342 [main] INFO  o.e.r.i.CreateClassResetClassAdapter - Creating brand-new static initializer in class com/fasterxml/jackson/core/util/BufferRecycler
01:24:25.342 [main] INFO  o.e.r.i.CreateClassResetClassAdapter - Adding bytecode for initializing field DEFAULT_WRITE_CONCAT_BUFFER_LEN
01:24:25.342 [main] INFO  o.e.r.instrumentation.EvoClassLoader - Keeping class: com.fasterxml.jackson.core.util.BufferRecycler
01:24:25.343 [main] INFO  o.e.r.instrumentation.EvoClassLoader - Seeing class for first time: com.fasterxml.jackson.core.TreeNode
01:24:25.343 [main] INFO  o.e.r.instrumentation.EvoClassLoader - Instrumenting class 'com.fasterxml.jackson.core.TreeNode'.
01:24:25.343 [main] INFO  o.e.r.instrumentation.EvoClassLoader - Keeping class: com.fasterxml.jackson.core.TreeNode
01:24:25.343 [main] INFO  o.e.r.instrumentation.EvoClassLoader - Seeing class for first time: com.fasterxml.jackson.core.JsonGenerator$Feature
01:24:25.343 [main] INFO  o.e.r.instrumentation.EvoClassLoader - Instrumenting class 'com.fasterxml.jackson.core.JsonGenerator$Feature'.
01:24:25.343 [main] INFO  o.e.r.i.MethodCallReplacementClassAdapter - Adding mock interface to class com/fasterxml/jackson/core/JsonGenerator$Feature
01:24:25.343 [main] INFO  o.e.r.i.CreateClassResetClassAdapter - Found static initializer in class com/fasterxml/jackson/core/JsonGenerator$Feature
01:24:25.344 [main] INFO  o.e.r.instrumentation.EvoClassLoader - Keeping class: com.fasterxml.jackson.core.JsonGenerator$Feature
01:24:25.346 [main] INFO  o.e.r.instrumentation.EvoClassLoader - Seeing class for first time: com.fasterxml.jackson.core.util.TextBuffer
01:24:25.346 [main] INFO  o.e.r.instrumentation.EvoClassLoader - Instrumenting class 'com.fasterxml.jackson.core.util.TextBuffer'.
01:24:25.346 [main] INFO  o.e.r.i.MethodCallReplacementClassAdapter - Adding mock interface to class com/fasterxml/jackson/core/util/TextBuffer
01:24:25.347 [main] INFO  o.e.r.i.CreateClassResetClassAdapter - Found static initializer in class com/fasterxml/jackson/core/util/TextBuffer
01:24:25.347 [main] INFO  o.e.r.instrumentation.EvoClassLoader - Keeping class: com.fasterxml.jackson.core.util.TextBuffer
01:24:25.348 [main] INFO  o.e.r.instrumentation.EvoClassLoader - Seeing class for first time: com.fasterxml.jackson.core.format.MatchStrength
01:24:25.348 [main] INFO  o.e.r.instrumentation.EvoClassLoader - Instrumenting class 'com.fasterxml.jackson.core.format.MatchStrength'.
01:24:25.348 [main] INFO  o.e.r.i.MethodCallReplacementClassAdapter - Adding mock interface to class com/fasterxml/jackson/core/format/MatchStrength
01:24:25.348 [main] INFO  o.e.r.i.CreateClassResetClassAdapter - Found static initializer in class com/fasterxml/jackson/core/format/MatchStrength
01:24:25.349 [main] INFO  o.e.r.instrumentation.EvoClassLoader - Keeping class: com.fasterxml.jackson.core.format.MatchStrength
01:24:25.349 [main] INFO  o.e.r.instrumentation.EvoClassLoader - Seeing class for first time: com.fasterxml.jackson.core.Base64Variants
01:24:25.349 [main] INFO  o.e.r.instrumentation.EvoClassLoader - Instrumenting class 'com.fasterxml.jackson.core.Base64Variants'.
01:24:25.349 [main] INFO  o.e.r.i.MethodCallReplacementClassAdapter - Adding mock interface to class com/fasterxml/jackson/core/Base64Variants
01:24:25.350 [main] INFO  o.e.r.i.CreateClassResetClassAdapter - Found static initializer in class com/fasterxml/jackson/core/Base64Variants
01:24:25.350 [main] INFO  o.e.r.instrumentation.EvoClassLoader - Keeping class: com.fasterxml.jackson.core.Base64Variants
01:24:25.350 [main] INFO  o.e.r.instrumentation.EvoClassLoader - Seeing class for first time: com.fasterxml.jackson.core.JsonFactory
01:24:25.350 [main] INFO  o.e.r.instrumentation.EvoClassLoader - Instrumenting class 'com.fasterxml.jackson.core.JsonFactory'.
01:24:25.351 [main] INFO  o.e.r.i.MethodCallReplacementClassAdapter - Adding mock interface to class com/fasterxml/jackson/core/JsonFactory
01:24:25.354 [main] INFO  o.e.r.i.CreateClassResetClassAdapter - Found static initializer in class com/fasterxml/jackson/core/JsonFactory
01:24:25.355 [main] INFO  o.e.r.instrumentation.EvoClassLoader - Keeping class: com.fasterxml.jackson.core.JsonFactory
01:24:25.356 [main] INFO  o.e.r.instrumentation.EvoClassLoader - Seeing class for first time: com.fasterxml.jackson.core.json.UTF8StreamJsonParser
01:24:25.356 [main] INFO  o.e.r.instrumentation.EvoClassLoader - Instrumenting class 'com.fasterxml.jackson.core.json.UTF8StreamJsonParser'.
01:24:25.357 [main] INFO  o.e.r.i.MethodCallReplacementClassAdapter - Adding mock interface to class com/fasterxml/jackson/core/json/UTF8StreamJsonParser
01:24:25.361 [main] INFO  o.e.r.i.CreateClassResetClassAdapter - Found static initializer in class com/fasterxml/jackson/core/json/UTF8StreamJsonParser
01:24:25.362 [main] INFO  o.e.r.instrumentation.EvoClassLoader - Keeping class: com.fasterxml.jackson.core.json.UTF8StreamJsonParser
01:24:25.365 [main] INFO  o.e.r.instrumentation.EvoClassLoader - Seeing class for first time: com.fasterxml.jackson.core.FormatSchema
01:24:25.365 [main] INFO  o.e.r.instrumentation.EvoClassLoader - Instrumenting class 'com.fasterxml.jackson.core.FormatSchema'.
01:24:25.365 [main] INFO  o.e.r.instrumentation.EvoClassLoader - Keeping class: com.fasterxml.jackson.core.FormatSchema
01:24:25.366 [main] INFO  o.e.r.instrumentation.EvoClassLoader - Seeing class for first time: com.fasterxml.jackson.core.io.IOContext
01:24:25.366 [main] INFO  o.e.r.instrumentation.EvoClassLoader - Instrumenting class 'com.fasterxml.jackson.core.io.IOContext'.
01:24:25.366 [main] INFO  o.e.r.i.MethodCallReplacementClassAdapter - Adding mock interface to class com/fasterxml/jackson/core/io/IOContext
01:24:25.367 [main] INFO  o.e.r.i.CreateClassResetClassAdapter - Creating brand-new static initializer in class com/fasterxml/jackson/core/io/IOContext
01:24:25.371 [main] INFO  o.e.r.instrumentation.EvoClassLoader - Keeping class: com.fasterxml.jackson.core.io.IOContext
01:24:25.371 [main] INFO  o.e.r.instrumentation.EvoClassLoader - Seeing class for first time: com.fasterxml.jackson.core.util.DefaultPrettyPrinter$Lf2SpacesIndenter
01:24:25.371 [main] INFO  o.e.r.instrumentation.EvoClassLoader - Instrumenting class 'com.fasterxml.jackson.core.util.DefaultPrettyPrinter$Lf2SpacesIndenter'.
01:24:25.371 [main] INFO  o.e.r.i.MethodCallReplacementClassAdapter - Adding mock interface to class com/fasterxml/jackson/core/util/DefaultPrettyPrinter$Lf2SpacesIndenter
01:24:25.372 [main] INFO  o.e.r.i.CreateClassResetClassAdapter - Found static initializer in class com/fasterxml/jackson/core/util/DefaultPrettyPrinter$Lf2SpacesIndenter
01:24:25.372 [main] INFO  o.e.r.instrumentation.EvoClassLoader - Keeping class: com.fasterxml.jackson.core.util.DefaultPrettyPrinter$Lf2SpacesIndenter
01:24:25.372 [main] INFO  o.e.r.instrumentation.EvoClassLoader - Seeing class for first time: com.fasterxml.jackson.core.util.BufferRecycler$ByteBufferType
01:24:25.372 [main] INFO  o.e.r.instrumentation.EvoClassLoader - Instrumenting class 'com.fasterxml.jackson.core.util.BufferRecycler$ByteBufferType'.
01:24:25.372 [main] INFO  o.e.r.i.MethodCallReplacementClassAdapter - Adding mock interface to class com/fasterxml/jackson/core/util/BufferRecycler$ByteBufferType
01:24:25.372 [main] INFO  o.e.r.i.CreateClassResetClassAdapter - Found static initializer in class com/fasterxml/jackson/core/util/BufferRecycler$ByteBufferType
01:24:25.373 [main] INFO  o.e.r.instrumentation.EvoClassLoader - Keeping class: com.fasterxml.jackson.core.util.BufferRecycler$ByteBufferType
01:24:25.373 [main] INFO  o.e.r.instrumentation.EvoClassLoader - Seeing class for first time: com.fasterxml.jackson.core.base.GeneratorBase$1
01:24:25.373 [main] INFO  o.e.r.instrumentation.EvoClassLoader - Instrumenting class 'com.fasterxml.jackson.core.base.GeneratorBase$1'.
01:24:25.373 [main] INFO  o.e.r.i.MethodCallReplacementClassAdapter - Adding mock interface to class com/fasterxml/jackson/core/base/GeneratorBase$1
01:24:25.373 [main] INFO  o.e.r.instrumentation.EvoClassLoader - Keeping class: com.fasterxml.jackson.core.base.GeneratorBase$1
01:24:25.374 [main] INFO  o.e.r.instrumentation.EvoClassLoader - Seeing class for first time: com.fasterxml.jackson.core.JsonParser$1
01:24:25.374 [main] INFO  o.e.r.instrumentation.EvoClassLoader - Instrumenting class 'com.fasterxml.jackson.core.JsonParser$1'.
01:24:25.377 [main] INFO  o.e.r.i.MethodCallReplacementClassAdapter - Adding mock interface to class com/fasterxml/jackson/core/JsonParser$1
01:24:25.377 [main] INFO  o.e.r.instrumentation.EvoClassLoader - Keeping class: com.fasterxml.jackson.core.JsonParser$1
01:24:25.430 [main] INFO  o.e.runtime.thread.ThreadStopper - Found new thread
01:24:25.432 [main] INFO  o.e.runtime.thread.ThreadStopper - Found new thread
01:24:25.435 [main] INFO  o.e.runtime.thread.ThreadStopper - Found new thread
01:24:25.437 [main] INFO  o.e.runtime.thread.ThreadStopper - Found new thread
01:24:25.441 [main] INFO  o.e.runtime.thread.ThreadStopper - Found new thread
01:24:25.443 [main] INFO  o.e.runtime.thread.ThreadStopper - Found new thread
01:24:25.445 [main] INFO  o.e.runtime.thread.ThreadStopper - Found new thread
01:24:25.448 [main] INFO  o.e.runtime.thread.ThreadStopper - Found new thread
01:24:25.453 [main] INFO  o.e.runtime.thread.ThreadStopper - Found new thread
01:24:25.459 [main] INFO  o.e.runtime.thread.ThreadStopper - Found new thread
01:24:25.461 [main] INFO  o.e.runtime.thread.ThreadStopper - Found new thread
01:24:25.471 [main] INFO  o.e.runtime.thread.ThreadStopper - Found new thread
01:24:25.473 [main] INFO  o.e.runtime.thread.ThreadStopper - Found new thread
01:24:25.477 [main] INFO  o.e.runtime.thread.ThreadStopper - Found new thread
01:24:25.484 [main] INFO  o.e.runtime.thread.ThreadStopper - Found new thread
01:24:25.486 [main] INFO  o.e.runtime.thread.ThreadStopper - Found new thread
01:24:25.495 [main] INFO  o.e.runtime.thread.ThreadStopper - Found new thread
01:24:25.499 [main] INFO  o.e.runtime.thread.ThreadStopper - Found new thread
01:24:25.500 [main] INFO  o.e.runtime.thread.ThreadStopper - Found new thread
01:24:25.502 [main] INFO  o.e.runtime.thread.ThreadStopper - Found new thread
01:24:25.504 [main] INFO  o.e.runtime.thread.ThreadStopper - Found new thread
01:24:25.506 [main] INFO  o.e.runtime.thread.ThreadStopper - Found new thread
01:24:25.508 [main] INFO  o.e.runtime.thread.ThreadStopper - Found new thread
01:24:25.510 [main] INFO  o.e.runtime.thread.ThreadStopper - Found new thread
01:24:25.512 [main] INFO  o.e.runtime.thread.ThreadStopper - Found new thread
01:24:25.538 [main] INFO  o.e.runtime.thread.ThreadStopper - Found new thread
01:24:25.545 [main] INFO  o.e.runtime.thread.ThreadStopper - Found new thread
01:24:25.549 [main] INFO  o.e.runtime.thread.ThreadStopper - Found new thread
01:24:25.562 [main] INFO  o.e.runtime.thread.ThreadStopper - Found new thread
01:24:25.564 [main] INFO  o.e.runtime.thread.ThreadStopper - Found new thread
01:24:25.570 [main] INFO  o.e.runtime.thread.ThreadStopper - Found new thread
01:24:25.581 [main] INFO  o.e.runtime.thread.ThreadStopper - Found new thread
01:24:25.584 [main] INFO  o.e.runtime.thread.ThreadStopper - Found new thread
01:24:25.589 [main] INFO  o.e.runtime.thread.ThreadStopper - Found new thread
01:24:25.594 [main] INFO  o.e.runtime.thread.ThreadStopper - Found new thread
01:24:25.599 [main] INFO  o.e.runtime.thread.ThreadStopper - Found new thread
01:24:25.601 [main] INFO  o.e.runtime.thread.ThreadStopper - Found new thread
01:24:25.603 [main] INFO  o.e.runtime.thread.ThreadStopper - Found new thread
01:24:25.605 [main] INFO  o.e.runtime.thread.ThreadStopper - Found new thread
01:24:25.607 [main] INFO  o.e.runtime.thread.ThreadStopper - Found new thread
01:24:25.609 [main] INFO  o.e.runtime.thread.ThreadStopper - Found new thread
01:24:25.611 [main] INFO  o.e.runtime.thread.ThreadStopper - Found new thread
01:24:25.613 [main] INFO  o.e.runtime.thread.ThreadStopper - Found new thread
01:24:25.615 [main] INFO  o.e.runtime.thread.ThreadStopper - Found new thread
01:24:25.616 [main] INFO  o.e.runtime.thread.ThreadStopper - Found new thread
01:24:25.618 [main] INFO  o.e.runtime.thread.ThreadStopper - Found new thread
01:24:25.620 [main] INFO  o.e.runtime.thread.ThreadStopper - Found new thread
01:24:25.622 [main] INFO  o.e.runtime.thread.ThreadStopper - Found new thread
01:24:25.623 [main] INFO  o.e.runtime.thread.ThreadStopper - Found new thread
01:24:25.625 [main] INFO  o.e.runtime.thread.ThreadStopper - Found new thread
01:24:25.627 [main] INFO  o.e.runtime.thread.ThreadStopper - Found new thread
01:24:25.629 [main] INFO  o.e.runtime.thread.ThreadStopper - Found new thread
01:24:25.631 [main] INFO  o.e.runtime.thread.ThreadStopper - Found new thread
01:24:25.633 [main] INFO  o.e.runtime.thread.ThreadStopper - Found new thread
01:24:25.635 [main] INFO  o.e.runtime.thread.ThreadStopper - Found new thread
01:24:25.637 [main] INFO  o.e.runtime.thread.ThreadStopper - Found new thread
01:24:25.639 [main] INFO  o.e.runtime.thread.ThreadStopper - Found new thread
01:24:25.642 [main] INFO  o.e.runtime.thread.ThreadStopper - Found new thread
01:24:25.644 [main] INFO  o.e.runtime.thread.ThreadStopper - Found new thread
01:24:25.647 [main] INFO  o.e.runtime.thread.ThreadStopper - Found new thread
01:24:25.649 [main] INFO  o.e.runtime.thread.ThreadStopper - Found new thread
01:24:25.651 [main] INFO  o.e.runtime.thread.ThreadStopper - Found new thread
01:24:25.653 [main] INFO  o.e.runtime.thread.ThreadStopper - Found new thread
01:24:25.656 [main] INFO  o.e.runtime.thread.ThreadStopper - Found new thread
01:24:25.681 [main] INFO  o.e.runtime.thread.ThreadStopper - Found new thread
01:24:25.720 [main] INFO  o.e.runtime.thread.ThreadStopper - Found new thread
01:24:25.726 [main] INFO  o.e.runtime.thread.ThreadStopper - Found new thread
01:24:25.728 [main] INFO  o.e.runtime.thread.ThreadStopper - Found new thread
01:24:25.733 [main] INFO  o.e.runtime.thread.ThreadStopper - Found new thread
01:24:25.820 [main] INFO  o.e.runtime.thread.ThreadStopper - Found new thread
01:24:25.823 [main] INFO  o.e.runtime.thread.ThreadStopper - Found new thread
01:24:25.826 [main] INFO  o.e.runtime.thread.ThreadStopper - Found new thread
01:24:25.827 [main] INFO  o.e.runtime.thread.ThreadStopper - Found new thread
01:24:25.829 [main] INFO  o.e.runtime.thread.ThreadStopper - Found new thread
01:24:25.831 [main] INFO  o.e.runtime.thread.ThreadStopper - Found new thread
01:24:25.833 [main] INFO  o.e.runtime.thread.ThreadStopper - Found new thread
01:24:25.877 [main] INFO  o.e.runtime.thread.ThreadStopper - Found new thread
]]></system-out>
  <system-err><![CDATA[]]></system-err>
</testsuite>
