<?xml version="1.0" encoding="UTF-8" ?>
<testsuite errors="3" failures="0" hostname="sepehr-UX310UQK" name="org.jsoup.DataUtil_ESTest" skipped="0" tests="11" time="2.509" timestamp="2023-02-10T07:29:40">
  <properties>
    <property name="java.vendor" value="Private Build" />
    <property name="sun.java.launcher" value="SUN_STANDARD" />
    <property name="sun.management.compiler" value="HotSpot 64-Bit Tiered Compilers" />
    <property name="ant.file.type.jsoup-from-maven" value="file" />
    <property name="maven.build.srcDir.0" value="src/main/java" />
    <property name="os.name" value="Linux" />
    <property name="clover.historical.json" value="true" />
    <property name="sun.boot.class.path" value="/usr/lib/jvm/java-8-openjdk-amd64/jre/lib/resources.jar:/usr/lib/jvm/java-8-openjdk-amd64/jre/lib/rt.jar:/usr/lib/jvm/java-8-openjdk-amd64/jre/lib/sunrsasign.jar:/usr/lib/jvm/java-8-openjdk-amd64/jre/lib/jsse.jar:/usr/lib/jvm/java-8-openjdk-amd64/jre/lib/jce.jar:/usr/lib/jvm/java-8-openjdk-amd64/jre/lib/charsets.jar:/usr/lib/jvm/java-8-openjdk-amd64/jre/lib/jfr.jar:/usr/lib/jvm/java-8-openjdk-amd64/jre/classes" />
    <property name="sun.desktop" value="gnome" />
    <property name="java.vm.specification.vendor" value="Oracle Corporation" />
    <property name="ant.home" value="/usr/share/ant" />
    <property name="java.runtime.version" value="1.8.0_352-8u352-ga-1~20.04-b08" />
    <property name="maven.build.resourceDir.0" value="src/main/resources" />
    <property name="project.build.sourceEncoding" value="UTF-8" />
    <property name="clover.project.historydir" value="/home/sepehr/masters/test_generation/evosuite_coverage/jsoup1f/.cloverhistory/jsoup" />
    <property name="clover.flushinterval" value="100" />
    <property name="user.name" value="sepehr" />
    <property name="maven.build.outputDir" value="target/classes" />
    <property name="maven.repo.local" value="/home/sepehr/.m2/repository" />
    <property name="maven.build.finalName" value="jsoup-1.1.2-SNAPSHOT" />
    <property name="maven.build.testDir.0" value="src/test/java" />
    <property name="user.language" value="en" />
    <property name="sun.boot.library.path" value="/usr/lib/jvm/java-8-openjdk-amd64/jre/lib/amd64" />
    <property name="ant.project.default-target" value="package" />
    <property name="maven.reporting.outputDirectory" value="target/site" />
    <property name="ant.project.name" value="jsoup" />
    <property name="java.version" value="1.8.0_352" />
    <property name="user.timezone" value="" />
    <property name="sun.arch.data.model" value="64" />
    <property name="java.endorsed.dirs" value="/usr/lib/jvm/java-8-openjdk-amd64/jre/lib/endorsed" />
    <property name="sun.cpu.isalist" value="" />
    <property name="sun.jnu.encoding" value="UTF-8" />
    <property name="file.encoding.pkg" value="sun.io" />
    <property name="file.separator" value="/" />
    <property name="java.specification.name" value="Java Platform API Specification" />
    <property name="clover.initstring" value="/home/sepehr/masters/test_generation/evosuite_coverage/jsoup1f/.clover/clover4_4_1.db" />
    <property name="java.class.version" value="52.0" />
    <property name="user.country" value="US" />
    <property name="java.home" value="/usr/lib/jvm/java-8-openjdk-amd64/jre" />
    <property name="clover.dir" value="/home/sepehr/masters/test_generation/evosuite_coverage/jsoup1f/clover" />
    <property name="java.vm.info" value="mixed mode" />
    <property name="ant.file" value="/home/sepehr/masters/test_generation/evosuite_coverage/jsoup1f/build.xml" />
    <property name="os.version" value="5.15.0-58-generic" />
    <property name="maven.build.testOutputDir" value="target/test-classes" />
    <property name="path.separator" value=":" />
    <property name="java.vm.version" value="25.352-b08" />
    <property name="maven.build.dir" value="target" />
    <property name="maven.test.reports" value="target/test-reports" />
    <property name="ant.library.dir" value="/usr/share/ant/lib" />
    <property name="clover.jar" value="/home/sepehr/masters/test_generation/evosuite_coverage/jsoup1f/${clover.home}/clover.jar" />
    <property name="java.awt.printerjob" value="sun.print.PSPrinterJob" />
    <property name="sun.io.unicode.encoding" value="UnicodeLittle" />
    <property name="java.specification.maintenance.version" value="4" />
    <property name="awt.toolkit" value="sun.awt.X11.XToolkit" />
    <property name="project.build.outputDirectory" value="target/classes" />
    <property name="user.home" value="/home/sepehr" />
    <property name="java.specification.vendor" value="Oracle Corporation" />
    <property name="clover.dest" value="/home/sepehr/masters/test_generation/evosuite_coverage/jsoup1f/clover/jsoup" />
    <property name="clover.span" value="1day" />
    <property name="java.library.path" value="/usr/java/packages/lib/amd64:/usr/lib/x86_64-linux-gnu/jni:/lib/x86_64-linux-gnu:/usr/lib/x86_64-linux-gnu:/usr/lib/jni:/lib:/usr/lib" />
    <property name="java.vendor.url" value="http://java.oracle.com/" />
    <property name="test.target" value="test" />
    <property name="maven.settings.offline" value="false" />
    <property name="java.vm.vendor" value="Private Build" />
    <property name="maven.settings.interactiveMode" value="true" />
    <property name="java.runtime.name" value="OpenJDK Runtime Environment" />
    <property name="sun.java.command" value="org.apache.tools.ant.taskdefs.optional.junit.JUnitTestRunner org.jsoup.DataUtil_ESTest skipNonTests=false filtertrace=true haltOnError=false haltOnFailure=false formatter=org.apache.tools.ant.taskdefs.optional.junit.SummaryJUnitResultFormatter showoutput=false outputtoformatters=true logfailedtests=true threadid=0 logtestlistenerevents=false formatter=org.apache.tools.ant.taskdefs.optional.junit.XMLJUnitResultFormatter,/home/sepehr/masters/test_generation/evosuite_coverage/jsoup1f/target/test-reports/TEST-org.jsoup.DataUtil_ESTest.xml formatter=org.apache.tools.ant.taskdefs.optional.junit.PlainJUnitResultFormatter crashfile=/home/sepehr/masters/test_generation/evosuite_coverage/jsoup1f/junitvmwatcher1629154809568379288.properties propsfile=/home/sepehr/masters/test_generation/evosuite_coverage/jsoup1f/junit8676936379284239101.properties" />
    <property name="java.class.path" value="/home/sepehr/.ant/lib/clover.jar:/home/sepehr/.m2/repository/junit/junit/4.5/junit-4.5.jar:/home/sepehr/.m2/repository/commons-lang/commons-lang/2.4/commons-lang-2.4.jar:/home/sepehr/masters/test_generation/evosuite_coverage/jsoup1f/target/classes:/home/sepehr/masters/test_generation/evosuite_coverage/jsoup1f/target/test-classes:/home/sepehr/masters/test_generation/evosuite_coverage/jsoup1f/evosuite-tests:/home/sepehr/masters/test_generation/evosuite_coverage/jsoup1f/evosuite-standalone-runtime-1.0.6.jar:/home/sepehr/masters/test_generation/evosuite_coverage/jsoup1f/junit-4.12.jar:/home/sepehr/masters/test_generation/evosuite_coverage/jsoup1f/hamcrest-core-1.3.jar:/usr/share/java/ant-launcher-1.10.7.jar:/usr/share/ant/lib/ant.jar:/usr/share/ant/lib/ant-junit.jar:/usr/share/ant/lib/ant-junit4.jar" />
    <property name="ant.version" value="Apache Ant(TM) version 1.10.7 compiled on October 24 2019" />
    <property name="project.name" value="jsoup" />
    <property name="project.build.directory" value="target" />
    <property name="java.vm.specification.name" value="Java Virtual Machine Specification" />
    <property name="clover.snapshot.file" value="/home/sepehr/masters/test_generation/evosuite_coverage/jsoup1f/.cloverhistory/jsoup/clover.snapshot" />
    <property name="ant.file.type" value="file" />
    <property name="java.vm.specification.version" value="1.8" />
    <property name="sun.os.patch.level" value="unknown" />
    <property name="sun.cpu.endian" value="little" />
    <property name="java.io.tmpdir" value="/tmp" />
    <property name="junit.present" value="true" />
    <property name="project.title" value="jsoup" />
    <property name="java.vendor.url.bug" value="http://bugreport.sun.com/bugreport/" />
    <property name="ant.file.jsoup-from-maven" value="/home/sepehr/masters/test_generation/evosuite_coverage/jsoup1f/maven-build.xml" />
    <property name="java.awt.graphicsenv" value="sun.awt.X11GraphicsEnvironment" />
    <property name="os.arch" value="amd64" />
    <property name="clover.jarpath" value="/home/sepehr/.ant/lib/clover.jar" />
    <property name="maven.build.testResourceDir.0" value="src/test/resources" />
    <property name="java.ext.dirs" value="/usr/lib/jvm/java-8-openjdk-amd64/jre/lib/ext:/usr/java/packages/lib/ext" />
    <property name="user.dir" value="/home/sepehr/masters/test_generation/evosuite_coverage/jsoup1f" />
    <property name="line.separator" value="&#xa;" />
    <property name="java.vm.name" value="OpenJDK 64-Bit Server VM" />
    <property name="basedir" value="." />
    <property name="ant.java.version" value="1.8" />
    <property name="ant.core.lib" value="/usr/share/ant/lib/ant.jar" />
    <property name="file.encoding" value="UTF-8" />
    <property name="build.compiler" value="com.atlassian.clover.ant.taskdefs.CloverCompilerAdapter" />
    <property name="clover.historydir" value="/home/sepehr/masters/test_generation/evosuite_coverage/jsoup1f/.cloverhistory" />
    <property name="ant.file.type.jsoup" value="file" />
    <property name="java.specification.version" value="1.8" />
    <property name="ant.project.invoked-targets" value="with.clover,test,clover.report" />
    <property name="ant.file.jsoup" value="/home/sepehr/masters/test_generation/evosuite_coverage/jsoup1f/build.xml" />
    <property name="clover.flushpolicy" value="directed" />
  </properties>
  <testcase classname="org.jsoup.DataUtil_ESTest" name="test10" time="0.041" />
  <testcase classname="org.jsoup.DataUtil_ESTest" name="test01" time="0.009" />
  <testcase classname="org.jsoup.DataUtil_ESTest" name="test00" time="0.003" />
  <testcase classname="org.jsoup.DataUtil_ESTest" name="test03" time="0.011" />
  <testcase classname="org.jsoup.DataUtil_ESTest" name="test02" time="0.013" />
  <testcase classname="org.jsoup.DataUtil_ESTest" name="test05" time="0.011" />
  <testcase classname="org.jsoup.DataUtil_ESTest" name="test04" time="0.014" />
  <testcase classname="org.jsoup.DataUtil_ESTest" name="test07" time="0.035">
    <error message="Only http &amp; https protocols supported" type="org.evosuite.runtime.mock.java.lang.MockIllegalArgumentException">org.evosuite.runtime.mock.java.lang.MockIllegalArgumentException: Only http &amp; https protocols supported
	at org.apache.commons.lang.Validate.isTrue(Validate.java:157)
	at org.jsoup.DataUtil.load(DataUtil.java:38)
	at org.jsoup.DataUtil_ESTest.test07(DataUtil_ESTest.java:125)
	at java.util.concurrent.FutureTask.run(FutureTask.java:266)
	at java.util.concurrent.ThreadPoolExecutor.runWorker(ThreadPoolExecutor.java:1149)
	at java.util.concurrent.ThreadPoolExecutor$Worker.run(ThreadPoolExecutor.java:624)
	at java.lang.Thread.run(Thread.java:750)
</error>
  </testcase>
  <testcase classname="org.jsoup.DataUtil_ESTest" name="test06" time="0.008">
    <error message="timeout can not be negative" type="java.lang.IllegalArgumentException">java.lang.IllegalArgumentException: timeout can not be negative
	at java.net.URLConnection.setConnectTimeout(URLConnection.java:388)
	at org.evosuite.runtime.mock.java.net.EvoHttpURLConnection.setConnectTimeout(EvoHttpURLConnection.java:213)
	at org.jsoup.DataUtil.load(DataUtil.java:42)
	at org.jsoup.DataUtil_ESTest.test06(DataUtil_ESTest.java:108)
	at java.util.concurrent.FutureTask.run(FutureTask.java:266)
	at java.util.concurrent.ThreadPoolExecutor.runWorker(ThreadPoolExecutor.java:1149)
	at java.util.concurrent.ThreadPoolExecutor$Worker.run(ThreadPoolExecutor.java:624)
	at java.lang.Thread.run(Thread.java:750)
</error>
  </testcase>
  <testcase classname="org.jsoup.DataUtil_ESTest" name="test09" time="0.002" />
  <testcase classname="org.jsoup.DataUtil_ESTest" name="test08" time="0.007">
    <error message="timeout can not be negative" type="java.lang.IllegalArgumentException">java.lang.IllegalArgumentException: timeout can not be negative
	at java.net.URLConnection.setConnectTimeout(URLConnection.java:388)
	at org.evosuite.runtime.mock.java.net.EvoHttpURLConnection.setConnectTimeout(EvoHttpURLConnection.java:213)
	at org.jsoup.DataUtil.load(DataUtil.java:42)
	at org.jsoup.DataUtil_ESTest.test08(DataUtil_ESTest.java:141)
	at java.util.concurrent.FutureTask.run(FutureTask.java:266)
	at java.util.concurrent.ThreadPoolExecutor.runWorker(ThreadPoolExecutor.java:1149)
	at java.util.concurrent.ThreadPoolExecutor$Worker.run(ThreadPoolExecutor.java:624)
	at java.lang.Thread.run(Thread.java:750)
</error>
  </testcase>
  <system-out><![CDATA[]]></system-out>
  <system-err><![CDATA[SLF4J: Failed to load class "org.slf4j.impl.StaticLoggerBinder".
SLF4J: Defaulting to no-operation (NOP) logger implementation
SLF4J: See http://www.slf4j.org/codes.html#StaticLoggerBinder for further details.
[CLOVER] FATAL ERROR: Clover could not be initialised because it has insufficient security privileges. Please consult the Clover documentation on the security policy file changes required. (class java.lang.SecurityException:Security manager blocks ("java.io.FilePermission" "/home/sepehr/masters/test_generation/evosuite_coverage/jsoup1f/.clover/clover4_4_1.db.liverec" "delete")
java.lang.Thread.getStackTrace(Thread.java:1564)
org.evosuite.runtime.sandbox.MSecurityManager.checkPermission(MSecurityManager.java:434)
java.lang.SecurityManager.checkDelete(SecurityManager.java:1007)
java.io.File.deleteOnExit(File.java:1085)
com.atlassian.clover.recorder.BaseCoverageRecorder.createLiveRecordingFile(BaseCoverageRecorder.java:215)
com.atlassian.clover.recorder.BaseCoverageRecorder.startRun(BaseCoverageRecorder.java:168)
com_atlassian_clover.Clover$InitialisedRuntime$1.run(Clover.java:556)
com_atlassian_clover.Clover$InitialisedRuntime$1.run(Clover.java:521)
java.security.AccessController.doPrivileged(Native Method)
com_atlassian_clover.Clover$InitialisedRuntime.getRecorder(Clover.java:521)
com_atlassian_clover.Clover.getRecorder(Clover.java:107)
org.jsoup.DataUtil$__CLR4_4_1c0c0ldy7keot.<clinit>(DataUtil.java:13)
org.jsoup.DataUtil.load(DataUtil.java:22)
org.jsoup.DataUtil_ESTest.test10(DataUtil_ESTest.java:161)
sun.reflect.NativeMethodAccessorImpl.invoke0(Native Method)
sun.reflect.NativeMethodAccessorImpl.invoke(NativeMethodAccessorImpl.java:62)
sun.reflect.DelegatingMethodAccessorImpl.invoke(DelegatingMethodAccessorImpl.java:43)
java.lang.reflect.Method.invoke(Method.java:498)
org.junit.runners.model.FrameworkMethod$1.runReflectiveCall(FrameworkMethod.java:44)
org.junit.internal.runners.model.ReflectiveCallable.run(ReflectiveCallable.java:15)
org.junit.runners.model.FrameworkMethod.invokeExplosively(FrameworkMethod.java:41)
org.junit.internal.runners.statements.InvokeMethod.evaluate(InvokeMethod.java:20)
org.junit.internal.runners.statements.FailOnTimeout$1.call(FailOnTimeout.java:32)
java.util.concurrent.FutureTask.run(FutureTask.java:266)
java.util.concurrent.ThreadPoolExecutor.runWorker(ThreadPoolExecutor.java:1149)
java.util.concurrent.ThreadPoolExecutor$Worker.run(ThreadPoolExecutor.java:624)
java.lang.Thread.run(Thread.java:750)
)
]]></system-err>
</testsuite>
