<?xml version="1.0" encoding="UTF-8" ?>
<testsuite errors="3" failures="0" hostname="sepehr-UX310UQK" name="org.jsoup.DataUtil_ESTest" skipped="0" tests="11" time="2.509" timestamp="2023-02-10T07:29:40">
  <properties>
[...]
</properties>
  <testcase classname="org.jsoup.DataUtil_ESTest" name="test10" time="0.041" />
  <testcase classname="org.jsoup.DataUtil_ESTest" name="test01" time="0.009" />
  <testcase classname="org.jsoup.DataUtil_ESTest" name="test00" time="0.003" />
  <testcase classname="org.jsoup.DataUtil_ESTest" name="test03" time="0.011" />
  <testcase classname="org.jsoup.DataUtil_ESTest" name="test02" time="0.013" />
  <testcase classname="org.jsoup.DataUtil_ESTest" name="test05" time="0.011" />
  <testcase classname="org.jsoup.DataUtil_ESTest" name="test04" time="0.014" />
  <testcase classname="org.jsoup.DataUtil_ESTest" name="test07" time="0.035">
    <error message="Only http &amp; https protocols supported" type="org.evosuite.runtime.mock.java.lang.MockIllegalArgumentException">org.evosuite.runtime.mock.java.lang.MockIllegalArgumentException: Only http &amp; https protocols supported
	at org.apache.commons.lang.Validate.isTrue(Validate.java:157)
	at org.jsoup.DataUtil.load(DataUtil.java:38)
	at org.jsoup.DataUtil_ESTest.test07(DataUtil_ESTest.java:125)
	at java.util.concurrent.FutureTask.run(FutureTask.java:266)
	at java.util.concurrent.ThreadPoolExecutor.runWorker(ThreadPoolExecutor.java:1149)
	at java.util.concurrent.ThreadPoolExecutor$Worker.run(ThreadPoolExecutor.java:624)
	at java.lang.Thread.run(Thread.java:750)
</error>
  </testcase>
  <testcase classname="org.jsoup.DataUtil_ESTest" name="test06" time="0.008">
    <error message="timeout can not be negative" type="java.lang.IllegalArgumentException">java.lang.IllegalArgumentException: timeout can not be negative
	at java.net.URLConnection.setConnectTimeout(URLConnection.java:388)
	at org.evosuite.runtime.mock.java.net.EvoHttpURLConnection.setConnectTimeout(EvoHttpURLConnection.java:213)
	at org.jsoup.DataUtil.load(DataUtil.java:42)
	at org.jsoup.DataUtil_ESTest.test06(DataUtil_ESTest.java:108)
	at java.util.concurrent.FutureTask.run(FutureTask.java:266)
	at java.util.concurrent.ThreadPoolExecutor.runWorker(ThreadPoolExecutor.java:1149)
	at java.util.concurrent.ThreadPoolExecutor$Worker.run(ThreadPoolExecutor.java:624)
	at java.lang.Thread.run(Thread.java:750)
</error>
  </testcase>
  <testcase classname="org.jsoup.DataUtil_ESTest" name="test09" time="0.002" />
  <testcase classname="org.jsoup.DataUtil_ESTest" name="test08" time="0.007">
    <error message="timeout can not be negative" type="java.lang.IllegalArgumentException">java.lang.IllegalArgumentException: timeout can not be negative
	at java.net.URLConnection.setConnectTimeout(URLConnection.java:388)
	at org.evosuite.runtime.mock.java.net.EvoHttpURLConnection.setConnectTimeout(EvoHttpURLConnection.java:213)
	at org.jsoup.DataUtil.load(DataUtil.java:42)
	at org.jsoup.DataUtil_ESTest.test08(DataUtil_ESTest.java:141)
	at java.util.concurrent.FutureTask.run(FutureTask.java:266)
	at java.util.concurrent.ThreadPoolExecutor.runWorker(ThreadPoolExecutor.java:1149)
	at java.util.concurrent.ThreadPoolExecutor$Worker.run(ThreadPoolExecutor.java:624)
	at java.lang.Thread.run(Thread.java:750)
</error>
  </testcase>
  <system-out><![CDATA[]]></system-out>
  <system-err><![CDATA[SLF4J: Failed to load class "org.slf4j.impl.StaticLoggerBinder".
SLF4J: Defaulting to no-operation (NOP) logger implementation
SLF4J: See http://www.slf4j.org/codes.html#StaticLoggerBinder for further details.
[CLOVER] FATAL ERROR: Clover could not be initialised because it has insufficient security privileges. Please consult the Clover documentation on the security policy file changes required. (class java.lang.SecurityException:Security manager blocks ("java.io.FilePermission" "/home/sepehr/masters/test_generation/evosuite_coverage/jsoup1f/.clover/clover4_4_1.db.liverec" "delete")
java.lang.Thread.getStackTrace(Thread.java:1564)
org.evosuite.runtime.sandbox.MSecurityManager.checkPermission(MSecurityManager.java:434)
java.lang.SecurityManager.checkDelete(SecurityManager.java:1007)
java.io.File.deleteOnExit(File.java:1085)
com.atlassian.clover.recorder.BaseCoverageRecorder.createLiveRecordingFile(BaseCoverageRecorder.java:215)
com.atlassian.clover.recorder.BaseCoverageRecorder.startRun(BaseCoverageRecorder.java:168)
com_atlassian_clover.Clover$InitialisedRuntime$1.run(Clover.java:556)
com_atlassian_clover.Clover$InitialisedRuntime$1.run(Clover.java:521)
java.security.AccessController.doPrivileged(Native Method)
com_atlassian_clover.Clover$InitialisedRuntime.getRecorder(Clover.java:521)
com_atlassian_clover.Clover.getRecorder(Clover.java:107)
org.jsoup.DataUtil$__CLR4_4_1c0c0ldy7keot.<clinit>(DataUtil.java:13)
org.jsoup.DataUtil.load(DataUtil.java:22)
org.jsoup.DataUtil_ESTest.test10(DataUtil_ESTest.java:161)
sun.reflect.NativeMethodAccessorImpl.invoke0(Native Method)
sun.reflect.NativeMethodAccessorImpl.invoke(NativeMethodAccessorImpl.java:62)
sun.reflect.DelegatingMethodAccessorImpl.invoke(DelegatingMethodAccessorImpl.java:43)
java.lang.reflect.Method.invoke(Method.java:498)
org.junit.runners.model.FrameworkMethod$1.runReflectiveCall(FrameworkMethod.java:44)
org.junit.internal.runners.model.ReflectiveCallable.run(ReflectiveCallable.java:15)
org.junit.runners.model.FrameworkMethod.invokeExplosively(FrameworkMethod.java:41)
org.junit.internal.runners.statements.InvokeMethod.evaluate(InvokeMethod.java:20)
org.junit.internal.runners.statements.FailOnTimeout$1.call(FailOnTimeout.java:32)
java.util.concurrent.FutureTask.run(FutureTask.java:266)
java.util.concurrent.ThreadPoolExecutor.runWorker(ThreadPoolExecutor.java:1149)
java.util.concurrent.ThreadPoolExecutor$Worker.run(ThreadPoolExecutor.java:624)
java.lang.Thread.run(Thread.java:750)
)
]]></system-err>
</testsuite>
