<?xml version="1.0" encoding="UTF-8" ?>
<testsuite errors="6" failures="13" hostname="sepehr-UX310UQK" name="org.jsoup.safety.Whitelist_ESTest" skipped="0" tests="19" time="1.009" timestamp="2023-02-10T07:29:50">
  <properties>
[...]
</properties>
  <testcase classname="org.jsoup.safety.Whitelist_ESTest" name="test04" time="0.081">
    <error message="The validated string is empty" type="org.evosuite.runtime.mock.java.lang.MockIllegalArgumentException">org.evosuite.runtime.mock.java.lang.MockIllegalArgumentException: The validated string is empty
	at org.apache.commons.lang.Validate.notEmpty(Validate.java:382)
	at org.jsoup.safety.Whitelist.addProtocols(Whitelist.java:264)
	at org.jsoup.safety.Whitelist_ESTest.test04(Whitelist_ESTest.java:91)
	at java.util.concurrent.FutureTask.run(FutureTask.java:266)
	at java.util.concurrent.ThreadPoolExecutor.runWorker(ThreadPoolExecutor.java:1149)
	at java.util.concurrent.ThreadPoolExecutor$Worker.run(ThreadPoolExecutor.java:624)
	at java.lang.Thread.run(Thread.java:750)
</error>
  </testcase>
  <testcase classname="org.jsoup.safety.Whitelist_ESTest" name="test15" time="0.017">
    <failure message="Expecting exception: NoClassDefFoundError" type="junit.framework.AssertionFailedError">junit.framework.AssertionFailedError: Expecting exception: NoClassDefFoundError
	at org.jsoup.safety.Whitelist_ESTest.test15(Whitelist_ESTest.java:260)
	at java.util.concurrent.FutureTask.run(FutureTask.java:266)
	at java.util.concurrent.ThreadPoolExecutor.runWorker(ThreadPoolExecutor.java:1149)
	at java.util.concurrent.ThreadPoolExecutor$Worker.run(ThreadPoolExecutor.java:624)
	at java.lang.Thread.run(Thread.java:750)
</failure>
  </testcase>
  <testcase classname="org.jsoup.safety.Whitelist_ESTest" name="test16" time="0.007">
    <failure message="Expecting exception: NoClassDefFoundError" type="junit.framework.AssertionFailedError">junit.framework.AssertionFailedError: Expecting exception: NoClassDefFoundError
	at org.jsoup.safety.Whitelist_ESTest.test16(Whitelist_ESTest.java:275)
	at java.util.concurrent.FutureTask.run(FutureTask.java:266)
	at java.util.concurrent.ThreadPoolExecutor.runWorker(ThreadPoolExecutor.java:1149)
	at java.util.concurrent.ThreadPoolExecutor$Worker.run(ThreadPoolExecutor.java:624)
	at java.lang.Thread.run(Thread.java:750)
</failure>
  </testcase>
  <testcase classname="org.jsoup.safety.Whitelist_ESTest" name="test05" time="0.003">
    <error message="The validated string is empty" type="org.evosuite.runtime.mock.java.lang.MockIllegalArgumentException">org.evosuite.runtime.mock.java.lang.MockIllegalArgumentException: The validated string is empty
	at org.apache.commons.lang.Validate.notEmpty(Validate.java:382)
	at org.jsoup.safety.Whitelist.addAttributes(Whitelist.java:209)
	at org.jsoup.safety.Whitelist_ESTest.test05(Whitelist_ESTest.java:108)
	at java.util.concurrent.FutureTask.run(FutureTask.java:266)
	at java.util.concurrent.ThreadPoolExecutor.runWorker(ThreadPoolExecutor.java:1149)
	at java.util.concurrent.ThreadPoolExecutor$Worker.run(ThreadPoolExecutor.java:624)
	at java.lang.Thread.run(Thread.java:750)
</error>
  </testcase>
  <testcase classname="org.jsoup.safety.Whitelist_ESTest" name="test02" time="0.005">
    <failure message="Expecting exception: NoClassDefFoundError" type="junit.framework.AssertionFailedError">junit.framework.AssertionFailedError: Expecting exception: NoClassDefFoundError
	at org.jsoup.safety.Whitelist_ESTest.test02(Whitelist_ESTest.java:58)
	at java.util.concurrent.FutureTask.run(FutureTask.java:266)
	at java.util.concurrent.ThreadPoolExecutor.runWorker(ThreadPoolExecutor.java:1149)
	at java.util.concurrent.ThreadPoolExecutor$Worker.run(ThreadPoolExecutor.java:624)
	at java.lang.Thread.run(Thread.java:750)
</failure>
  </testcase>
  <testcase classname="org.jsoup.safety.Whitelist_ESTest" name="test13" time="0.003">
    <error message="The validated object is null" type="org.evosuite.runtime.mock.java.lang.MockIllegalArgumentException">org.evosuite.runtime.mock.java.lang.MockIllegalArgumentException: The validated object is null
	at org.apache.commons.lang.Validate.notNull(Validate.java:222)
	at org.jsoup.safety.Whitelist$TypedValue.&lt;init&gt;(Whitelist.java:390)
	at org.jsoup.safety.Whitelist$Protocol.&lt;init&gt;(Whitelist.java:378)
	at org.jsoup.safety.Whitelist_ESTest.test13(Whitelist_ESTest.java:229)
	at java.util.concurrent.FutureTask.run(FutureTask.java:266)
	at java.util.concurrent.ThreadPoolExecutor.runWorker(ThreadPoolExecutor.java:1149)
	at java.util.concurrent.ThreadPoolExecutor$Worker.run(ThreadPoolExecutor.java:624)
	at java.lang.Thread.run(Thread.java:750)
</error>
  </testcase>
  <testcase classname="org.jsoup.safety.Whitelist_ESTest" name="test14" time="0.004">
    <failure message="Expecting exception: NoClassDefFoundError" type="junit.framework.AssertionFailedError">junit.framework.AssertionFailedError: Expecting exception: NoClassDefFoundError
	at org.jsoup.safety.Whitelist_ESTest.test14(Whitelist_ESTest.java:245)
	at java.util.concurrent.FutureTask.run(FutureTask.java:266)
	at java.util.concurrent.ThreadPoolExecutor.runWorker(ThreadPoolExecutor.java:1149)
	at java.util.concurrent.ThreadPoolExecutor$Worker.run(ThreadPoolExecutor.java:624)
	at java.lang.Thread.run(Thread.java:750)
</failure>
  </testcase>
  <testcase classname="org.jsoup.safety.Whitelist_ESTest" name="test03" time="0.007">
    <error message="The validated string is empty" type="org.evosuite.runtime.mock.java.lang.MockIllegalArgumentException">org.evosuite.runtime.mock.java.lang.MockIllegalArgumentException: The validated string is empty
	at org.apache.commons.lang.Validate.notEmpty(Validate.java:382)
	at org.jsoup.safety.Whitelist.addTags(Whitelist.java:186)
	at org.jsoup.safety.Whitelist_ESTest.test03(Whitelist_ESTest.java:74)
	at java.util.concurrent.FutureTask.run(FutureTask.java:266)
	at java.util.concurrent.ThreadPoolExecutor.runWorker(ThreadPoolExecutor.java:1149)
	at java.util.concurrent.ThreadPoolExecutor$Worker.run(ThreadPoolExecutor.java:624)
	at java.lang.Thread.run(Thread.java:750)
</error>
  </testcase>
  <testcase classname="org.jsoup.safety.Whitelist_ESTest" name="test11" time="0.003">
    <failure message="Expecting exception: NoClassDefFoundError" type="junit.framework.AssertionFailedError">junit.framework.AssertionFailedError: Expecting exception: NoClassDefFoundError
	at org.jsoup.safety.Whitelist_ESTest.test11(Whitelist_ESTest.java:200)
	at java.util.concurrent.FutureTask.run(FutureTask.java:266)
	at java.util.concurrent.ThreadPoolExecutor.runWorker(ThreadPoolExecutor.java:1149)
	at java.util.concurrent.ThreadPoolExecutor$Worker.run(ThreadPoolExecutor.java:624)
	at java.lang.Thread.run(Thread.java:750)
</failure>
  </testcase>
  <testcase classname="org.jsoup.safety.Whitelist_ESTest" name="test00" time="0.005">
    <failure message="Expecting exception: NoClassDefFoundError" type="junit.framework.AssertionFailedError">junit.framework.AssertionFailedError: Expecting exception: NoClassDefFoundError
	at org.jsoup.safety.Whitelist_ESTest.test00(Whitelist_ESTest.java:27)
	at java.util.concurrent.FutureTask.run(FutureTask.java:266)
	at java.util.concurrent.ThreadPoolExecutor.runWorker(ThreadPoolExecutor.java:1149)
	at java.util.concurrent.ThreadPoolExecutor$Worker.run(ThreadPoolExecutor.java:624)
	at java.lang.Thread.run(Thread.java:750)
</failure>
  </testcase>
  <testcase classname="org.jsoup.safety.Whitelist_ESTest" name="test12" time="0.003">
    <failure message="Expecting exception: NoClassDefFoundError" type="junit.framework.AssertionFailedError">junit.framework.AssertionFailedError: Expecting exception: NoClassDefFoundError
	at org.jsoup.safety.Whitelist_ESTest.test12(Whitelist_ESTest.java:215)
	at java.util.concurrent.FutureTask.run(FutureTask.java:266)
	at java.util.concurrent.ThreadPoolExecutor.runWorker(ThreadPoolExecutor.java:1149)
	at java.util.concurrent.ThreadPoolExecutor$Worker.run(ThreadPoolExecutor.java:624)
	at java.lang.Thread.run(Thread.java:750)
</failure>
  </testcase>
  <testcase classname="org.jsoup.safety.Whitelist_ESTest" name="test01" time="0.003">
    <failure message="Expecting exception: NoClassDefFoundError" type="junit.framework.AssertionFailedError">junit.framework.AssertionFailedError: Expecting exception: NoClassDefFoundError
	at org.jsoup.safety.Whitelist_ESTest.test01(Whitelist_ESTest.java:42)
	at java.util.concurrent.FutureTask.run(FutureTask.java:266)
	at java.util.concurrent.ThreadPoolExecutor.runWorker(ThreadPoolExecutor.java:1149)
	at java.util.concurrent.ThreadPoolExecutor$Worker.run(ThreadPoolExecutor.java:624)
	at java.lang.Thread.run(Thread.java:750)
</failure>
  </testcase>
  <testcase classname="org.jsoup.safety.Whitelist_ESTest" name="test10" time="0.003">
    <failure message="Expecting exception: NoClassDefFoundError" type="junit.framework.AssertionFailedError">junit.framework.AssertionFailedError: Expecting exception: NoClassDefFoundError
	at org.jsoup.safety.Whitelist_ESTest.test10(Whitelist_ESTest.java:185)
	at java.util.concurrent.FutureTask.run(FutureTask.java:266)
	at java.util.concurrent.ThreadPoolExecutor.runWorker(ThreadPoolExecutor.java:1149)
	at java.util.concurrent.ThreadPoolExecutor$Worker.run(ThreadPoolExecutor.java:624)
	at java.lang.Thread.run(Thread.java:750)
</failure>
  </testcase>
  <testcase classname="org.jsoup.safety.Whitelist_ESTest" name="test08" time="0.003">
    <error message="The validated object is null" type="org.evosuite.runtime.mock.java.lang.MockIllegalArgumentException">org.evosuite.runtime.mock.java.lang.MockIllegalArgumentException: The validated object is null
	at org.apache.commons.lang.Validate.notNull(Validate.java:222)
	at org.jsoup.safety.Whitelist$TypedValue.&lt;init&gt;(Whitelist.java:390)
	at org.jsoup.safety.Whitelist$TagName.&lt;init&gt;(Whitelist.java:348)
	at org.jsoup.safety.Whitelist_ESTest.test08(Whitelist_ESTest.java:154)
	at java.util.concurrent.FutureTask.run(FutureTask.java:266)
	at java.util.concurrent.ThreadPoolExecutor.runWorker(ThreadPoolExecutor.java:1149)
	at java.util.concurrent.ThreadPoolExecutor$Worker.run(ThreadPoolExecutor.java:624)
	at java.lang.Thread.run(Thread.java:750)
</error>
  </testcase>
  <testcase classname="org.jsoup.safety.Whitelist_ESTest" name="test09" time="0.003">
    <failure message="Expecting exception: NoClassDefFoundError" type="junit.framework.AssertionFailedError">junit.framework.AssertionFailedError: Expecting exception: NoClassDefFoundError
	at org.jsoup.safety.Whitelist_ESTest.test09(Whitelist_ESTest.java:170)
	at java.util.concurrent.FutureTask.run(FutureTask.java:266)
	at java.util.concurrent.ThreadPoolExecutor.runWorker(ThreadPoolExecutor.java:1149)
	at java.util.concurrent.ThreadPoolExecutor$Worker.run(ThreadPoolExecutor.java:624)
	at java.lang.Thread.run(Thread.java:750)
</failure>
  </testcase>
  <testcase classname="org.jsoup.safety.Whitelist_ESTest" name="test17" time="0.007">
    <failure message="Expecting exception: NoClassDefFoundError" type="junit.framework.AssertionFailedError">junit.framework.AssertionFailedError: Expecting exception: NoClassDefFoundError
	at org.jsoup.safety.Whitelist_ESTest.test17(Whitelist_ESTest.java:291)
	at java.util.concurrent.FutureTask.run(FutureTask.java:266)
	at java.util.concurrent.ThreadPoolExecutor.runWorker(ThreadPoolExecutor.java:1149)
	at java.util.concurrent.ThreadPoolExecutor$Worker.run(ThreadPoolExecutor.java:624)
	at java.lang.Thread.run(Thread.java:750)
</failure>
  </testcase>
  <testcase classname="org.jsoup.safety.Whitelist_ESTest" name="test06" time="0.008">
    <failure message="Expecting exception: NoClassDefFoundError" type="junit.framework.AssertionFailedError">junit.framework.AssertionFailedError: Expecting exception: NoClassDefFoundError
	at org.jsoup.safety.Whitelist_ESTest.test06(Whitelist_ESTest.java:124)
	at java.util.concurrent.FutureTask.run(FutureTask.java:266)
	at java.util.concurrent.ThreadPoolExecutor.runWorker(ThreadPoolExecutor.java:1149)
	at java.util.concurrent.ThreadPoolExecutor$Worker.run(ThreadPoolExecutor.java:624)
	at java.lang.Thread.run(Thread.java:750)
</failure>
  </testcase>
  <testcase classname="org.jsoup.safety.Whitelist_ESTest" name="test18" time="0.004">
    <failure message="Expecting exception: NoClassDefFoundError" type="junit.framework.AssertionFailedError">junit.framework.AssertionFailedError: Expecting exception: NoClassDefFoundError
	at org.jsoup.safety.Whitelist_ESTest.test18(Whitelist_ESTest.java:306)
	at java.util.concurrent.FutureTask.run(FutureTask.java:266)
	at java.util.concurrent.ThreadPoolExecutor.runWorker(ThreadPoolExecutor.java:1149)
	at java.util.concurrent.ThreadPoolExecutor$Worker.run(ThreadPoolExecutor.java:624)
	at java.lang.Thread.run(Thread.java:750)
</failure>
  </testcase>
  <testcase classname="org.jsoup.safety.Whitelist_ESTest" name="test07" time="0.005">
    <error type="java.lang.NullPointerException">java.lang.NullPointerException
	at org.jsoup.safety.Whitelist.isSafeAttribute(Whitelist.java:299)
	at org.jsoup.safety.Whitelist_ESTest.test07(Whitelist_ESTest.java:139)
	at java.util.concurrent.FutureTask.run(FutureTask.java:266)
	at java.util.concurrent.ThreadPoolExecutor.runWorker(ThreadPoolExecutor.java:1149)
	at java.util.concurrent.ThreadPoolExecutor$Worker.run(ThreadPoolExecutor.java:624)
	at java.lang.Thread.run(Thread.java:750)
</error>
  </testcase>
  <system-out><![CDATA[]]></system-out>
  <system-err><![CDATA[SLF4J: Failed to load class "org.slf4j.impl.StaticLoggerBinder".
SLF4J: Defaulting to no-operation (NOP) logger implementation
SLF4J: See http://www.slf4j.org/codes.html#StaticLoggerBinder for further details.
]]></system-err>
</testsuite>
