<?xml version="1.0" encoding="UTF-8" ?>
<testsuite errors="6" failures="13" hostname="sepehr-UX310UQK" name="org.jsoup.safety.Whitelist_ESTest" skipped="0" tests="19" time="1.009" timestamp="2023-02-10T07:29:50">
  <properties>
    <property name="java.vendor" value="Private Build" />
    <property name="sun.java.launcher" value="SUN_STANDARD" />
    <property name="sun.management.compiler" value="HotSpot 64-Bit Tiered Compilers" />
    <property name="ant.file.type.jsoup-from-maven" value="file" />
    <property name="maven.build.srcDir.0" value="src/main/java" />
    <property name="os.name" value="Linux" />
    <property name="clover.historical.json" value="true" />
    <property name="sun.boot.class.path" value="/usr/lib/jvm/java-8-openjdk-amd64/jre/lib/resources.jar:/usr/lib/jvm/java-8-openjdk-amd64/jre/lib/rt.jar:/usr/lib/jvm/java-8-openjdk-amd64/jre/lib/sunrsasign.jar:/usr/lib/jvm/java-8-openjdk-amd64/jre/lib/jsse.jar:/usr/lib/jvm/java-8-openjdk-amd64/jre/lib/jce.jar:/usr/lib/jvm/java-8-openjdk-amd64/jre/lib/charsets.jar:/usr/lib/jvm/java-8-openjdk-amd64/jre/lib/jfr.jar:/usr/lib/jvm/java-8-openjdk-amd64/jre/classes" />
    <property name="sun.desktop" value="gnome" />
    <property name="java.vm.specification.vendor" value="Oracle Corporation" />
    <property name="ant.home" value="/usr/share/ant" />
    <property name="java.runtime.version" value="1.8.0_352-8u352-ga-1~20.04-b08" />
    <property name="maven.build.resourceDir.0" value="src/main/resources" />
    <property name="project.build.sourceEncoding" value="UTF-8" />
    <property name="clover.project.historydir" value="/home/sepehr/masters/test_generation/evosuite_coverage/jsoup1f/.cloverhistory/jsoup" />
    <property name="clover.flushinterval" value="100" />
    <property name="user.name" value="sepehr" />
    <property name="maven.build.outputDir" value="target/classes" />
    <property name="maven.repo.local" value="/home/sepehr/.m2/repository" />
    <property name="maven.build.finalName" value="jsoup-1.1.2-SNAPSHOT" />
    <property name="maven.build.testDir.0" value="src/test/java" />
    <property name="user.language" value="en" />
    <property name="sun.boot.library.path" value="/usr/lib/jvm/java-8-openjdk-amd64/jre/lib/amd64" />
    <property name="ant.project.default-target" value="package" />
    <property name="maven.reporting.outputDirectory" value="target/site" />
    <property name="ant.project.name" value="jsoup" />
    <property name="java.version" value="1.8.0_352" />
    <property name="user.timezone" value="" />
    <property name="sun.arch.data.model" value="64" />
    <property name="java.endorsed.dirs" value="/usr/lib/jvm/java-8-openjdk-amd64/jre/lib/endorsed" />
    <property name="sun.cpu.isalist" value="" />
    <property name="sun.jnu.encoding" value="UTF-8" />
    <property name="file.encoding.pkg" value="sun.io" />
    <property name="file.separator" value="/" />
    <property name="java.specification.name" value="Java Platform API Specification" />
    <property name="clover.initstring" value="/home/sepehr/masters/test_generation/evosuite_coverage/jsoup1f/.clover/clover4_4_1.db" />
    <property name="java.class.version" value="52.0" />
    <property name="user.country" value="US" />
    <property name="java.home" value="/usr/lib/jvm/java-8-openjdk-amd64/jre" />
    <property name="clover.dir" value="/home/sepehr/masters/test_generation/evosuite_coverage/jsoup1f/clover" />
    <property name="java.vm.info" value="mixed mode" />
    <property name="ant.file" value="/home/sepehr/masters/test_generation/evosuite_coverage/jsoup1f/build.xml" />
    <property name="os.version" value="5.15.0-58-generic" />
    <property name="maven.build.testOutputDir" value="target/test-classes" />
    <property name="path.separator" value=":" />
    <property name="java.vm.version" value="25.352-b08" />
    <property name="maven.build.dir" value="target" />
    <property name="maven.test.reports" value="target/test-reports" />
    <property name="ant.library.dir" value="/usr/share/ant/lib" />
    <property name="clover.jar" value="/home/sepehr/masters/test_generation/evosuite_coverage/jsoup1f/${clover.home}/clover.jar" />
    <property name="java.awt.printerjob" value="sun.print.PSPrinterJob" />
    <property name="sun.io.unicode.encoding" value="UnicodeLittle" />
    <property name="java.specification.maintenance.version" value="4" />
    <property name="awt.toolkit" value="sun.awt.X11.XToolkit" />
    <property name="project.build.outputDirectory" value="target/classes" />
    <property name="user.home" value="/home/sepehr" />
    <property name="java.specification.vendor" value="Oracle Corporation" />
    <property name="clover.dest" value="/home/sepehr/masters/test_generation/evosuite_coverage/jsoup1f/clover/jsoup" />
    <property name="clover.span" value="1day" />
    <property name="java.library.path" value="/usr/java/packages/lib/amd64:/usr/lib/x86_64-linux-gnu/jni:/lib/x86_64-linux-gnu:/usr/lib/x86_64-linux-gnu:/usr/lib/jni:/lib:/usr/lib" />
    <property name="java.vendor.url" value="http://java.oracle.com/" />
    <property name="test.target" value="test" />
    <property name="maven.settings.offline" value="false" />
    <property name="java.vm.vendor" value="Private Build" />
    <property name="maven.settings.interactiveMode" value="true" />
    <property name="java.runtime.name" value="OpenJDK Runtime Environment" />
    <property name="sun.java.command" value="org.apache.tools.ant.taskdefs.optional.junit.JUnitTestRunner org.jsoup.safety.Whitelist_ESTest skipNonTests=false filtertrace=true haltOnError=false haltOnFailure=false formatter=org.apache.tools.ant.taskdefs.optional.junit.SummaryJUnitResultFormatter showoutput=false outputtoformatters=true logfailedtests=true threadid=0 logtestlistenerevents=false formatter=org.apache.tools.ant.taskdefs.optional.junit.XMLJUnitResultFormatter,/home/sepehr/masters/test_generation/evosuite_coverage/jsoup1f/target/test-reports/TEST-org.jsoup.safety.Whitelist_ESTest.xml formatter=org.apache.tools.ant.taskdefs.optional.junit.PlainJUnitResultFormatter crashfile=/home/sepehr/masters/test_generation/evosuite_coverage/jsoup1f/junitvmwatcher4618630107492477836.properties propsfile=/home/sepehr/masters/test_generation/evosuite_coverage/jsoup1f/junit2873115211552993229.properties" />
    <property name="java.class.path" value="/home/sepehr/.ant/lib/clover.jar:/home/sepehr/.m2/repository/junit/junit/4.5/junit-4.5.jar:/home/sepehr/.m2/repository/commons-lang/commons-lang/2.4/commons-lang-2.4.jar:/home/sepehr/masters/test_generation/evosuite_coverage/jsoup1f/target/classes:/home/sepehr/masters/test_generation/evosuite_coverage/jsoup1f/target/test-classes:/home/sepehr/masters/test_generation/evosuite_coverage/jsoup1f/evosuite-tests:/home/sepehr/masters/test_generation/evosuite_coverage/jsoup1f/evosuite-standalone-runtime-1.0.6.jar:/home/sepehr/masters/test_generation/evosuite_coverage/jsoup1f/junit-4.12.jar:/home/sepehr/masters/test_generation/evosuite_coverage/jsoup1f/hamcrest-core-1.3.jar:/usr/share/java/ant-launcher-1.10.7.jar:/usr/share/ant/lib/ant.jar:/usr/share/ant/lib/ant-junit.jar:/usr/share/ant/lib/ant-junit4.jar" />
    <property name="ant.version" value="Apache Ant(TM) version 1.10.7 compiled on October 24 2019" />
    <property name="project.name" value="jsoup" />
    <property name="project.build.directory" value="target" />
    <property name="java.vm.specification.name" value="Java Virtual Machine Specification" />
    <property name="clover.snapshot.file" value="/home/sepehr/masters/test_generation/evosuite_coverage/jsoup1f/.cloverhistory/jsoup/clover.snapshot" />
    <property name="ant.file.type" value="file" />
    <property name="java.vm.specification.version" value="1.8" />
    <property name="sun.os.patch.level" value="unknown" />
    <property name="sun.cpu.endian" value="little" />
    <property name="java.io.tmpdir" value="/tmp" />
    <property name="junit.present" value="true" />
    <property name="project.title" value="jsoup" />
    <property name="java.vendor.url.bug" value="http://bugreport.sun.com/bugreport/" />
    <property name="ant.file.jsoup-from-maven" value="/home/sepehr/masters/test_generation/evosuite_coverage/jsoup1f/maven-build.xml" />
    <property name="java.awt.graphicsenv" value="sun.awt.X11GraphicsEnvironment" />
    <property name="os.arch" value="amd64" />
    <property name="clover.jarpath" value="/home/sepehr/.ant/lib/clover.jar" />
    <property name="maven.build.testResourceDir.0" value="src/test/resources" />
    <property name="java.ext.dirs" value="/usr/lib/jvm/java-8-openjdk-amd64/jre/lib/ext:/usr/java/packages/lib/ext" />
    <property name="user.dir" value="/home/sepehr/masters/test_generation/evosuite_coverage/jsoup1f" />
    <property name="line.separator" value="&#xa;" />
    <property name="java.vm.name" value="OpenJDK 64-Bit Server VM" />
    <property name="basedir" value="." />
    <property name="ant.java.version" value="1.8" />
    <property name="ant.core.lib" value="/usr/share/ant/lib/ant.jar" />
    <property name="file.encoding" value="UTF-8" />
    <property name="build.compiler" value="com.atlassian.clover.ant.taskdefs.CloverCompilerAdapter" />
    <property name="clover.historydir" value="/home/sepehr/masters/test_generation/evosuite_coverage/jsoup1f/.cloverhistory" />
    <property name="ant.file.type.jsoup" value="file" />
    <property name="java.specification.version" value="1.8" />
    <property name="ant.project.invoked-targets" value="with.clover,test,clover.report" />
    <property name="ant.file.jsoup" value="/home/sepehr/masters/test_generation/evosuite_coverage/jsoup1f/build.xml" />
    <property name="clover.flushpolicy" value="directed" />
  </properties>
  <testcase classname="org.jsoup.safety.Whitelist_ESTest" name="test04" time="0.081">
    <error message="The validated string is empty" type="org.evosuite.runtime.mock.java.lang.MockIllegalArgumentException">org.evosuite.runtime.mock.java.lang.MockIllegalArgumentException: The validated string is empty
	at org.apache.commons.lang.Validate.notEmpty(Validate.java:382)
	at org.jsoup.safety.Whitelist.addProtocols(Whitelist.java:264)
	at org.jsoup.safety.Whitelist_ESTest.test04(Whitelist_ESTest.java:91)
	at java.util.concurrent.FutureTask.run(FutureTask.java:266)
	at java.util.concurrent.ThreadPoolExecutor.runWorker(ThreadPoolExecutor.java:1149)
	at java.util.concurrent.ThreadPoolExecutor$Worker.run(ThreadPoolExecutor.java:624)
	at java.lang.Thread.run(Thread.java:750)
</error>
  </testcase>
  <testcase classname="org.jsoup.safety.Whitelist_ESTest" name="test15" time="0.017">
    <failure message="Expecting exception: NoClassDefFoundError" type="junit.framework.AssertionFailedError">junit.framework.AssertionFailedError: Expecting exception: NoClassDefFoundError
	at org.jsoup.safety.Whitelist_ESTest.test15(Whitelist_ESTest.java:260)
	at java.util.concurrent.FutureTask.run(FutureTask.java:266)
	at java.util.concurrent.ThreadPoolExecutor.runWorker(ThreadPoolExecutor.java:1149)
	at java.util.concurrent.ThreadPoolExecutor$Worker.run(ThreadPoolExecutor.java:624)
	at java.lang.Thread.run(Thread.java:750)
</failure>
  </testcase>
  <testcase classname="org.jsoup.safety.Whitelist_ESTest" name="test16" time="0.007">
    <failure message="Expecting exception: NoClassDefFoundError" type="junit.framework.AssertionFailedError">junit.framework.AssertionFailedError: Expecting exception: NoClassDefFoundError
	at org.jsoup.safety.Whitelist_ESTest.test16(Whitelist_ESTest.java:275)
	at java.util.concurrent.FutureTask.run(FutureTask.java:266)
	at java.util.concurrent.ThreadPoolExecutor.runWorker(ThreadPoolExecutor.java:1149)
	at java.util.concurrent.ThreadPoolExecutor$Worker.run(ThreadPoolExecutor.java:624)
	at java.lang.Thread.run(Thread.java:750)
</failure>
  </testcase>
  <testcase classname="org.jsoup.safety.Whitelist_ESTest" name="test05" time="0.003">
    <error message="The validated string is empty" type="org.evosuite.runtime.mock.java.lang.MockIllegalArgumentException">org.evosuite.runtime.mock.java.lang.MockIllegalArgumentException: The validated string is empty
	at org.apache.commons.lang.Validate.notEmpty(Validate.java:382)
	at org.jsoup.safety.Whitelist.addAttributes(Whitelist.java:209)
	at org.jsoup.safety.Whitelist_ESTest.test05(Whitelist_ESTest.java:108)
	at java.util.concurrent.FutureTask.run(FutureTask.java:266)
	at java.util.concurrent.ThreadPoolExecutor.runWorker(ThreadPoolExecutor.java:1149)
	at java.util.concurrent.ThreadPoolExecutor$Worker.run(ThreadPoolExecutor.java:624)
	at java.lang.Thread.run(Thread.java:750)
</error>
  </testcase>
  <testcase classname="org.jsoup.safety.Whitelist_ESTest" name="test02" time="0.005">
    <failure message="Expecting exception: NoClassDefFoundError" type="junit.framework.AssertionFailedError">junit.framework.AssertionFailedError: Expecting exception: NoClassDefFoundError
	at org.jsoup.safety.Whitelist_ESTest.test02(Whitelist_ESTest.java:58)
	at java.util.concurrent.FutureTask.run(FutureTask.java:266)
	at java.util.concurrent.ThreadPoolExecutor.runWorker(ThreadPoolExecutor.java:1149)
	at java.util.concurrent.ThreadPoolExecutor$Worker.run(ThreadPoolExecutor.java:624)
	at java.lang.Thread.run(Thread.java:750)
</failure>
  </testcase>
  <testcase classname="org.jsoup.safety.Whitelist_ESTest" name="test13" time="0.003">
    <error message="The validated object is null" type="org.evosuite.runtime.mock.java.lang.MockIllegalArgumentException">org.evosuite.runtime.mock.java.lang.MockIllegalArgumentException: The validated object is null
	at org.apache.commons.lang.Validate.notNull(Validate.java:222)
	at org.jsoup.safety.Whitelist$TypedValue.&lt;init&gt;(Whitelist.java:390)
	at org.jsoup.safety.Whitelist$Protocol.&lt;init&gt;(Whitelist.java:378)
	at org.jsoup.safety.Whitelist_ESTest.test13(Whitelist_ESTest.java:229)
	at java.util.concurrent.FutureTask.run(FutureTask.java:266)
	at java.util.concurrent.ThreadPoolExecutor.runWorker(ThreadPoolExecutor.java:1149)
	at java.util.concurrent.ThreadPoolExecutor$Worker.run(ThreadPoolExecutor.java:624)
	at java.lang.Thread.run(Thread.java:750)
</error>
  </testcase>
  <testcase classname="org.jsoup.safety.Whitelist_ESTest" name="test14" time="0.004">
    <failure message="Expecting exception: NoClassDefFoundError" type="junit.framework.AssertionFailedError">junit.framework.AssertionFailedError: Expecting exception: NoClassDefFoundError
	at org.jsoup.safety.Whitelist_ESTest.test14(Whitelist_ESTest.java:245)
	at java.util.concurrent.FutureTask.run(FutureTask.java:266)
	at java.util.concurrent.ThreadPoolExecutor.runWorker(ThreadPoolExecutor.java:1149)
	at java.util.concurrent.ThreadPoolExecutor$Worker.run(ThreadPoolExecutor.java:624)
	at java.lang.Thread.run(Thread.java:750)
</failure>
  </testcase>
  <testcase classname="org.jsoup.safety.Whitelist_ESTest" name="test03" time="0.007">
    <error message="The validated string is empty" type="org.evosuite.runtime.mock.java.lang.MockIllegalArgumentException">org.evosuite.runtime.mock.java.lang.MockIllegalArgumentException: The validated string is empty
	at org.apache.commons.lang.Validate.notEmpty(Validate.java:382)
	at org.jsoup.safety.Whitelist.addTags(Whitelist.java:186)
	at org.jsoup.safety.Whitelist_ESTest.test03(Whitelist_ESTest.java:74)
	at java.util.concurrent.FutureTask.run(FutureTask.java:266)
	at java.util.concurrent.ThreadPoolExecutor.runWorker(ThreadPoolExecutor.java:1149)
	at java.util.concurrent.ThreadPoolExecutor$Worker.run(ThreadPoolExecutor.java:624)
	at java.lang.Thread.run(Thread.java:750)
</error>
  </testcase>
  <testcase classname="org.jsoup.safety.Whitelist_ESTest" name="test11" time="0.003">
    <failure message="Expecting exception: NoClassDefFoundError" type="junit.framework.AssertionFailedError">junit.framework.AssertionFailedError: Expecting exception: NoClassDefFoundError
	at org.jsoup.safety.Whitelist_ESTest.test11(Whitelist_ESTest.java:200)
	at java.util.concurrent.FutureTask.run(FutureTask.java:266)
	at java.util.concurrent.ThreadPoolExecutor.runWorker(ThreadPoolExecutor.java:1149)
	at java.util.concurrent.ThreadPoolExecutor$Worker.run(ThreadPoolExecutor.java:624)
	at java.lang.Thread.run(Thread.java:750)
</failure>
  </testcase>
  <testcase classname="org.jsoup.safety.Whitelist_ESTest" name="test00" time="0.005">
    <failure message="Expecting exception: NoClassDefFoundError" type="junit.framework.AssertionFailedError">junit.framework.AssertionFailedError: Expecting exception: NoClassDefFoundError
	at org.jsoup.safety.Whitelist_ESTest.test00(Whitelist_ESTest.java:27)
	at java.util.concurrent.FutureTask.run(FutureTask.java:266)
	at java.util.concurrent.ThreadPoolExecutor.runWorker(ThreadPoolExecutor.java:1149)
	at java.util.concurrent.ThreadPoolExecutor$Worker.run(ThreadPoolExecutor.java:624)
	at java.lang.Thread.run(Thread.java:750)
</failure>
  </testcase>
  <testcase classname="org.jsoup.safety.Whitelist_ESTest" name="test12" time="0.003">
    <failure message="Expecting exception: NoClassDefFoundError" type="junit.framework.AssertionFailedError">junit.framework.AssertionFailedError: Expecting exception: NoClassDefFoundError
	at org.jsoup.safety.Whitelist_ESTest.test12(Whitelist_ESTest.java:215)
	at java.util.concurrent.FutureTask.run(FutureTask.java:266)
	at java.util.concurrent.ThreadPoolExecutor.runWorker(ThreadPoolExecutor.java:1149)
	at java.util.concurrent.ThreadPoolExecutor$Worker.run(ThreadPoolExecutor.java:624)
	at java.lang.Thread.run(Thread.java:750)
</failure>
  </testcase>
  <testcase classname="org.jsoup.safety.Whitelist_ESTest" name="test01" time="0.003">
    <failure message="Expecting exception: NoClassDefFoundError" type="junit.framework.AssertionFailedError">junit.framework.AssertionFailedError: Expecting exception: NoClassDefFoundError
	at org.jsoup.safety.Whitelist_ESTest.test01(Whitelist_ESTest.java:42)
	at java.util.concurrent.FutureTask.run(FutureTask.java:266)
	at java.util.concurrent.ThreadPoolExecutor.runWorker(ThreadPoolExecutor.java:1149)
	at java.util.concurrent.ThreadPoolExecutor$Worker.run(ThreadPoolExecutor.java:624)
	at java.lang.Thread.run(Thread.java:750)
</failure>
  </testcase>
  <testcase classname="org.jsoup.safety.Whitelist_ESTest" name="test10" time="0.003">
    <failure message="Expecting exception: NoClassDefFoundError" type="junit.framework.AssertionFailedError">junit.framework.AssertionFailedError: Expecting exception: NoClassDefFoundError
	at org.jsoup.safety.Whitelist_ESTest.test10(Whitelist_ESTest.java:185)
	at java.util.concurrent.FutureTask.run(FutureTask.java:266)
	at java.util.concurrent.ThreadPoolExecutor.runWorker(ThreadPoolExecutor.java:1149)
	at java.util.concurrent.ThreadPoolExecutor$Worker.run(ThreadPoolExecutor.java:624)
	at java.lang.Thread.run(Thread.java:750)
</failure>
  </testcase>
  <testcase classname="org.jsoup.safety.Whitelist_ESTest" name="test08" time="0.003">
    <error message="The validated object is null" type="org.evosuite.runtime.mock.java.lang.MockIllegalArgumentException">org.evosuite.runtime.mock.java.lang.MockIllegalArgumentException: The validated object is null
	at org.apache.commons.lang.Validate.notNull(Validate.java:222)
	at org.jsoup.safety.Whitelist$TypedValue.&lt;init&gt;(Whitelist.java:390)
	at org.jsoup.safety.Whitelist$TagName.&lt;init&gt;(Whitelist.java:348)
	at org.jsoup.safety.Whitelist_ESTest.test08(Whitelist_ESTest.java:154)
	at java.util.concurrent.FutureTask.run(FutureTask.java:266)
	at java.util.concurrent.ThreadPoolExecutor.runWorker(ThreadPoolExecutor.java:1149)
	at java.util.concurrent.ThreadPoolExecutor$Worker.run(ThreadPoolExecutor.java:624)
	at java.lang.Thread.run(Thread.java:750)
</error>
  </testcase>
  <testcase classname="org.jsoup.safety.Whitelist_ESTest" name="test09" time="0.003">
    <failure message="Expecting exception: NoClassDefFoundError" type="junit.framework.AssertionFailedError">junit.framework.AssertionFailedError: Expecting exception: NoClassDefFoundError
	at org.jsoup.safety.Whitelist_ESTest.test09(Whitelist_ESTest.java:170)
	at java.util.concurrent.FutureTask.run(FutureTask.java:266)
	at java.util.concurrent.ThreadPoolExecutor.runWorker(ThreadPoolExecutor.java:1149)
	at java.util.concurrent.ThreadPoolExecutor$Worker.run(ThreadPoolExecutor.java:624)
	at java.lang.Thread.run(Thread.java:750)
</failure>
  </testcase>
  <testcase classname="org.jsoup.safety.Whitelist_ESTest" name="test17" time="0.007">
    <failure message="Expecting exception: NoClassDefFoundError" type="junit.framework.AssertionFailedError">junit.framework.AssertionFailedError: Expecting exception: NoClassDefFoundError
	at org.jsoup.safety.Whitelist_ESTest.test17(Whitelist_ESTest.java:291)
	at java.util.concurrent.FutureTask.run(FutureTask.java:266)
	at java.util.concurrent.ThreadPoolExecutor.runWorker(ThreadPoolExecutor.java:1149)
	at java.util.concurrent.ThreadPoolExecutor$Worker.run(ThreadPoolExecutor.java:624)
	at java.lang.Thread.run(Thread.java:750)
</failure>
  </testcase>
  <testcase classname="org.jsoup.safety.Whitelist_ESTest" name="test06" time="0.008">
    <failure message="Expecting exception: NoClassDefFoundError" type="junit.framework.AssertionFailedError">junit.framework.AssertionFailedError: Expecting exception: NoClassDefFoundError
	at org.jsoup.safety.Whitelist_ESTest.test06(Whitelist_ESTest.java:124)
	at java.util.concurrent.FutureTask.run(FutureTask.java:266)
	at java.util.concurrent.ThreadPoolExecutor.runWorker(ThreadPoolExecutor.java:1149)
	at java.util.concurrent.ThreadPoolExecutor$Worker.run(ThreadPoolExecutor.java:624)
	at java.lang.Thread.run(Thread.java:750)
</failure>
  </testcase>
  <testcase classname="org.jsoup.safety.Whitelist_ESTest" name="test18" time="0.004">
    <failure message="Expecting exception: NoClassDefFoundError" type="junit.framework.AssertionFailedError">junit.framework.AssertionFailedError: Expecting exception: NoClassDefFoundError
	at org.jsoup.safety.Whitelist_ESTest.test18(Whitelist_ESTest.java:306)
	at java.util.concurrent.FutureTask.run(FutureTask.java:266)
	at java.util.concurrent.ThreadPoolExecutor.runWorker(ThreadPoolExecutor.java:1149)
	at java.util.concurrent.ThreadPoolExecutor$Worker.run(ThreadPoolExecutor.java:624)
	at java.lang.Thread.run(Thread.java:750)
</failure>
  </testcase>
  <testcase classname="org.jsoup.safety.Whitelist_ESTest" name="test07" time="0.005">
    <error type="java.lang.NullPointerException">java.lang.NullPointerException
	at org.jsoup.safety.Whitelist.isSafeAttribute(Whitelist.java:299)
	at org.jsoup.safety.Whitelist_ESTest.test07(Whitelist_ESTest.java:139)
	at java.util.concurrent.FutureTask.run(FutureTask.java:266)
	at java.util.concurrent.ThreadPoolExecutor.runWorker(ThreadPoolExecutor.java:1149)
	at java.util.concurrent.ThreadPoolExecutor$Worker.run(ThreadPoolExecutor.java:624)
	at java.lang.Thread.run(Thread.java:750)
</error>
  </testcase>
  <system-out><![CDATA[]]></system-out>
  <system-err><![CDATA[SLF4J: Failed to load class "org.slf4j.impl.StaticLoggerBinder".
SLF4J: Defaulting to no-operation (NOP) logger implementation
SLF4J: See http://www.slf4j.org/codes.html#StaticLoggerBinder for further details.
]]></system-err>
</testsuite>
